Solution: 1592.515058
x_0_69: 1.000000 (69 47.355000)
x_6_9: 1.000000 (1395 8.630000)
x_7_6: 1.000000 (1623 4.910000)
x_8_7: 1.000000 (1855 3.020000)
x_9_10: 1.000000 (2089 7.070000)
x_10_17: 1.000000 (2327 6.100000)
x_13_8: 1.000000 (3011 19.320000)
x_14_13: 1.000000 (3247 5.830000)
x_15_14: 1.000000 (3479 3.340000)
x_16_20: 1.000000 (3716 4.580000)
x_17_16: 1.000000 (3943 4.350000)
x_20_55: 1.000000 (4675 10.090000)
x_32_38: 1.000000 (7430 17.680000)
x_35_15: 1.000000 (8100 31.010000)
x_37_35: 1.000000 (8582 3.550000)
x_38_124: 1.000000 (8902 18.210000)
x_39_32: 1.000000 (9041 15.550000)
x_40_39: 1.000000 (9279 6.940000)
x_43_45: 1.000000 (9978 31.920000)
x_44_43: 1.000000 (10207 30.340000)
x_45_48: 1.000000 (10443 26.490000)
x_48_50: 1.000000 (11138 8.670000)
x_49_44: 1.000000 (11363 22.400000)
x_50_185: 1.000000 (11735 10.200000)
x_54_58: 1.000000 (12532 1.540000)
x_55_54: 1.000000 (12759 2.740000)
x_58_59: 1.000000 (13457 2.810000)
x_59_60: 1.000000 (13689 2.350000)
x_60_61: 1.000000 (13921 1.390000)
x_61_62: 1.000000 (14153 1.110000)
x_62_63: 1.000000 (14385 2.220000)
x_63_66: 1.000000 (14619 0.530000)
x_64_224: 1.000000 (15008 203.830000)
x_65_64: 1.000000 (15079 1.000000)
x_66_65: 1.000000 (15311 1.260000)
x_67_78: 1.000000 (15555 7.170000)
x_68_67: 1.000000 (15775 3.220000)
x_69_68: 1.000000 (16007 0.400000)
x_78_79: 1.000000 (18097 5.980000)
x_79_88: 1.000000 (18337 1.570000)
x_80_90: 1.000000 (18570 5.790000)
x_88_80: 1.000000 (20408 0.790000)
x_90_91: 1.000000 (20881 5.540000)
x_91_94: 1.000000 (21115 9.400000)
x_94_100: 1.000000 (21814 2.900000)
x_95_37: 1.000000 (21982 4.680000)
x_96_95: 1.000000 (22271 4.870000)
x_97_98: 1.000000 (22505 1.230000)
x_98_96: 1.000000 (22734 2.120000)
x_100_101: 1.000000 (23201 4.220000)
x_101_102: 1.000000 (23433 2.500000)
x_102_106: 1.000000 (23668 5.750000)
x_104_97: 1.000000 (24121 5.000000)
x_105_104: 1.000000 (24359 2.680000)
x_106_112: 1.000000 (24598 3.800000)
x_108_105: 1.000000 (25053 5.200000)
x_109_108: 1.000000 (25287 3.870000)
x_110_109: 1.000000 (25519 2.230000)
x_111_126: 1.000000 (25767 3.140000)
x_112_115: 1.000000 (25987 4.570000)
x_114_111: 1.000000 (26445 4.740000)
x_115_116: 1.000000 (26681 7.140000)
x_116_117: 1.000000 (26913 5.080000)
x_117_114: 1.000000 (27141 5.200000)
x_124_110: 1.000000 (28754 2.190000)
x_126_127: 1.000000 (29233 2.480000)
x_127_128: 1.000000 (29465 4.750000)
x_128_129: 1.000000 (29697 5.580000)
x_129_130: 1.000000 (29929 4.490000)
x_130_132: 1.000000 (30162 4.660000)
x_131_133: 1.000000 (30394 4.930000)
x_132_131: 1.000000 (30623 2.220000)
x_133_134: 1.000000 (30857 6.590000)
x_134_135: 1.000000 (31089 1.010000)
x_135_136: 1.000000 (31321 7.320000)
x_136_137: 1.000000 (31553 2.730000)
x_137_138: 1.000000 (31785 6.360000)
x_138_139: 1.000000 (32017 8.310000)
x_139_142: 1.000000 (32251 3.700000)
x_140_141: 1.000000 (32481 4.020000)
x_141_144: 1.000000 (32715 4.660000)
x_142_140: 1.000000 (32942 3.270000)
x_144_145: 1.000000 (33409 5.580000)
x_145_146: 1.000000 (33641 1.320000)
x_146_148: 1.000000 (33874 5.700000)
x_147_149: 1.000000 (34106 5.820000)
x_148_147: 1.000000 (34335 2.560000)
x_149_151: 1.000000 (34570 5.970000)
x_150_205: 1.000000 (34855 29.310000)
x_151_154: 1.000000 (35035 5.640000)
x_154_155: 1.000000 (35729 6.920000)
x_155_150: 1.000000 (35955 9.140000)
x_156_159: 1.000000 (36195 6.600000)
x_157_156: 1.000000 (36423 8.330000)
x_158_157: 1.000000 (36655 6.300000)
x_159_161: 1.000000 (36890 6.400000)
x_160_162: 1.000000 (37122 6.710000)
x_161_160: 1.000000 (37351 1.440000)
x_162_176: 1.000000 (37598 17.070000)
x_164_165: 1.000000 (38049 3.780000)
x_165_199: 1.000000 (38314 7.200000)
x_167_40: 1.000000 (38617 14.640000)
x_168_170: 1.000000 (38978 6.940000)
x_169_167: 1.000000 (39206 6.270000)
x_170_169: 1.000000 (39439 3.300000)
x_173_164: 1.000000 (40127 4.680000)
x_175_173: 1.000000 (40598 6.670000)
x_176_175: 1.000000 (40831 3.700000)
x_177_168: 1.000000 (41055 5.200000)
x_178_180: 1.000000 (41298 6.090000)
x_179_177: 1.000000 (41526 4.160000)
x_180_181: 1.000000 (41761 1.340000)
x_181_179: 1.000000 (41990 5.950000)
x_182_178: 1.000000 (42220 3.630000)
x_183_182: 1.000000 (42455 4.870000)
x_185_186: 1.000000 (42921 2.810000)
x_186_183: 1.000000 (43149 7.460000)
x_187_196: 1.000000 (43393 4.060000)
x_188_49: 1.000000 (43477 4.760000)
x_189_190: 1.000000 (43849 1.740000)
x_190_188: 1.000000 (44078 5.560000)
x_191_189: 1.000000 (44310 4.620000)
x_192_193: 1.000000 (44545 1.400000)
x_193_191: 1.000000 (44774 3.990000)
x_194_192: 1.000000 (45006 1.200000)
x_195_194: 1.000000 (45239 0.750000)
x_196_195: 1.000000 (45471 3.190000)
x_197_187: 1.000000 (45694 3.100000)
x_198_197: 1.000000 (45935 1.900000)
x_199_198: 1.000000 (46167 8.160000)
x_200_201: 1.000000 (46401 19.650000)
x_201_202: 1.000000 (46633 13.500000)
x_202_203: 1.000000 (46865 10.200000)
x_203_204: 1.000000 (47097 19.580000)
x_204_158: 1.000000 (47282 8.830000)
x_205_212: 1.000000 (47567 26.170000)
x_206_207: 1.000000 (47793 9.170000)
x_207_208: 1.000000 (48025 7.650000)
x_208_213: 1.000000 (48261 26.100000)
x_209_206: 1.000000 (48485 13.810000)
x_210_209: 1.000000 (48719 8.130000)
x_211_210: 1.000000 (48951 14.660000)
x_212_211: 1.000000 (49183 17.210000)
x_213_214: 1.000000 (49417 4.280000)
x_214_215: 1.000000 (49649 4.230000)
x_215_216: 1.000000 (49881 4.670000)
x_216_219: 1.000000 (50115 22.230000)
x_217_227: 1.000000 (50354 29.540000)
x_218_217: 1.000000 (50575 11.620000)
x_219_220: 1.000000 (50809 16.060000)
x_220_221: 1.000000 (51041 19.600000)
x_221_222: 1.000000 (51273 15.920000)
x_222_223: 1.000000 (51505 12.990000)
x_223_200: 1.000000 (51713 22.690000)
x_224_225: 1.000000 (51969 19.990000)
x_225_218: 1.000000 (52193 28.900000)
x_226_228: 1.000000 (52434 24.530000)
x_227_226: 1.000000 (52663 18.210000)
x_228_229: 1.000000 (52897 22.870000)
x_229_230: 1.000000 (53129 149.695000)
y_0_4: 1.000000 (53365 105.288771)
y_0_12: 1.000000 (53373 112.825499)
y_0_18: 1.000000 (53379 98.342168)
y_0_19: 1.000000 (53380 90.905015)
y_0_33: 1.000000 (53394 161.685272)
y_0_41: 1.000000 (53402 237.486390)
y_0_46: 1.000000 (53407 262.933520)
y_0_53: 1.000000 (53414 83.105004)
y_0_56: 1.000000 (53417 96.672646)
y_0_57: 1.000000 (53418 92.715365)
y_0_70: 1.000000 (53431 85.379626)
y_0_71: 1.000000 (53432 82.179794)
y_0_72: 1.000000 (53433 87.118543)
y_0_77: 1.000000 (53438 101.669668)
y_0_92: 1.000000 (53453 125.422448)
y_0_93: 1.000000 (53454 129.102713)
y_0_99: 1.000000 (53460 144.157810)
y_0_103: 1.000000 (53464 133.363393)
y_0_125: 1.000000 (53486 178.343760)
y_0_153: 1.000000 (53514 226.438589)
y_0_171: 1.000000 (53532 203.393228)
y_0_174: 1.000000 (53535 228.235636)
y_0_184: 1.000000 (53545 258.580016)
y_1_1: 1.000000 (53593 129.780319)
y_1_2: 1.000000 (53594 130.509770)
y_1_3: 1.000000 (53595 111.235720)
y_1_5: 1.000000 (53597 100.135866)
y_1_29: 1.000000 (53621 207.572201)
y_1_30: 1.000000 (53622 167.333096)
y_1_36: 1.000000 (53628 141.046245)
y_1_42: 1.000000 (53634 274.910092)
y_1_52: 1.000000 (53644 73.457844)
y_1_73: 1.000000 (53665 95.159353)
y_1_74: 1.000000 (53666 115.887482)
y_1_75: 1.000000 (53667 110.499300)
y_1_76: 1.000000 (53668 103.019395)
y_1_83: 1.000000 (53675 96.268475)
y_1_85: 1.000000 (53677 108.175125)
y_1_89: 1.000000 (53681 107.782147)
y_1_113: 1.000000 (53705 156.090199)
y_1_118: 1.000000 (53710 147.224361)
y_1_122: 1.000000 (53714 153.077933)
y_1_123: 1.000000 (53715 156.247258)
y_1_143: 1.000000 (53735 198.845107)
y_1_152: 1.000000 (53744 218.284432)
y_1_172: 1.000000 (53764 224.315246)
y_2_11: 1.000000 (53834 89.886133)
y_2_21: 1.000000 (53844 112.455666)
y_2_22: 1.000000 (53845 115.590538)
y_2_23: 1.000000 (53846 104.271256)
y_2_24: 1.000000 (53847 102.478742)
y_2_25: 1.000000 (53848 111.439941)
y_2_26: 1.000000 (53849 142.972275)
y_2_27: 1.000000 (53850 147.678853)
y_2_28: 1.000000 (53851 166.353180)
y_2_31: 1.000000 (53854 183.554707)
y_2_34: 1.000000 (53857 162.555420)
y_2_47: 1.000000 (53870 281.645715)
y_2_51: 1.000000 (53874 79.516014)
y_2_81: 1.000000 (53904 95.471171)
y_2_82: 1.000000 (53905 97.447521)
y_2_84: 1.000000 (53907 103.488402)
y_2_86: 1.000000 (53909 109.993938)
y_2_87: 1.000000 (53910 101.340971)
y_2_107: 1.000000 (53930 150.748661)
y_2_119: 1.000000 (53942 151.577422)
y_2_120: 1.000000 (53943 157.228625)
y_2_121: 1.000000 (53944 153.713715)
y_2_163: 1.000000 (53986 225.996323)
y_2_166: 1.000000 (53989 182.461823)
