Solution: 79952.000000
x_0_46: 1.000000 (46 1922.500000)
x_2_37: 1.000000 (345 750.000000)
x_3_31: 1.000000 (493 782.000000)
x_4_153: 1.000000 (769 5583.500000)
x_5_4: 1.000000 (774 1400.000000)
x_6_7: 1.000000 (931 1400.000000)
x_7_21: 1.000000 (1099 838.000000)
x_8_10: 1.000000 (1242 850.000000)
x_9_8: 1.000000 (1394 803.000000)
x_10_11: 1.000000 (1551 1397.000000)
x_11_22: 1.000000 (1716 307.000000)
x_12_6: 1.000000 (1854 850.000000)
x_13_12: 1.000000 (2014 1397.000000)
x_14_38: 1.000000 (2194 1100.000000)
x_15_3: 1.000000 (2313 1093.000000)
x_16_2: 1.000000 (2466 850.000000)
x_17_9: 1.000000 (2627 307.000000)
x_18_17: 1.000000 (2789 330.000000)
x_19_40: 1.000000 (2966 850.000000)
x_20_19: 1.000000 (3099 286.000000)
x_21_20: 1.000000 (3254 110.000000)
x_22_23: 1.000000 (3411 330.000000)
x_23_39: 1.000000 (3581 370.000000)
x_24_26: 1.000000 (3722 286.000000)
x_25_5: 1.000000 (3855 838.000000)
x_26_25: 1.000000 (4029 110.000000)
x_27_13: 1.000000 (4171 307.000000)
x_28_27: 1.000000 (4339 330.000000)
x_29_14: 1.000000 (4480 300.000000)
x_30_29: 1.000000 (4649 212.000000)
x_31_30: 1.000000 (4804 110.000000)
x_32_15: 1.000000 (4943 307.000000)
x_33_32: 1.000000 (5114 330.000000)
x_34_16: 1.000000 (5252 300.000000)
x_35_36: 1.000000 (5426 110.000000)
x_36_34: 1.000000 (5578 212.000000)
x_37_33: 1.000000 (5731 370.000000)
x_38_28: 1.000000 (5880 370.000000)
x_39_24: 1.000000 (6030 850.000000)
x_40_18: 1.000000 (6178 370.000000)
x_41_60: 1.000000 (6374 357.000000)
x_42_41: 1.000000 (6509 713.000000)
x_43_44: 1.000000 (6666 713.000000)
x_44_55: 1.000000 (6831 151.000000)
x_46_52: 1.000000 (7136 151.000000)
x_48_51: 1.000000 (7443 800.000000)
x_49_48: 1.000000 (7594 151.000000)
x_50_49: 1.000000 (7749 128.000000)
x_51_73: 1.000000 (7927 150.000000)
x_52_53: 1.000000 (8061 128.000000)
x_53_71: 1.000000 (8233 171.000000)
x_55_56: 1.000000 (8526 128.000000)
x_56_68: 1.000000 (8692 96.000000)
x_57_43: 1.000000 (8821 357.000000)
x_58_42: 1.000000 (8974 151.000000)
x_59_58: 1.000000 (9144 128.000000)
x_60_61: 1.000000 (9301 150.000000)
x_61_86: 1.000000 (9480 1050.000000)
x_62_63: 1.000000 (9611 150.000000)
x_63_64: 1.000000 (9766 81.000000)
x_64_59: 1.000000 (9915 96.000000)
x_65_57: 1.000000 (10067 150.000000)
x_66_65: 1.000000 (10229 250.000000)
x_67_81: 1.000000 (10399 600.000000)
x_68_67: 1.000000 (10539 81.000000)
x_71_72: 1.000000 (11006 81.000000)
x_72_79: 1.000000 (11167 631.000000)
x_73_75: 1.000000 (11317 250.000000)
x_74_76: 1.000000 (11472 81.000000)
x_75_35: 1.000000 (11585 6114.000000)
x_76_50: 1.000000 (11754 96.000000)
x_77_74: 1.000000 (11932 600.000000)
x_79_80: 1.000000 (12246 1150.000000)
x_80_66: 1.000000 (12386 2150.000000)
x_81_101: 1.000000 (12575 782.000000)
x_82_111: 1.000000 (12739 1020.000000)
x_83_62: 1.000000 (12844 750.000000)
x_84_85: 1.000000 (13021 803.000000)
x_85_108: 1.000000 (13198 307.000000)
x_86_84: 1.000000 (13328 850.000000)
x_87_83: 1.000000 (13481 1093.000000)
x_88_82: 1.000000 (13634 850.000000)
x_91_96: 1.000000 (14110 307.000000)
x_92_91: 1.000000 (14259 1157.000000)
x_93_77: 1.000000 (14399 782.000000)
x_94_93: 1.000000 (14569 110.000000)
x_95_94: 1.000000 (14724 212.000000)
x_96_115: 1.000000 (14899 330.000000)
x_101_102: 1.000000 (15656 110.000000)
x_102_103: 1.000000 (15811 212.000000)
x_103_88: 1.000000 (15950 300.000000)
x_104_87: 1.000000 (16103 307.000000)
x_105_106: 1.000000 (16276 110.000000)
x_106_107: 1.000000 (16431 212.000000)
x_107_117: 1.000000 (16595 5805.000000)
x_108_109: 1.000000 (16741 330.000000)
x_109_110: 1.000000 (16896 370.000000)
x_110_105: 1.000000 (17045 1118.000000)
x_111_112: 1.000000 (17206 370.000000)
x_112_104: 1.000000 (17352 700.000000)
x_115_116: 1.000000 (17826 370.000000)
x_116_95: 1.000000 (17959 850.000000)
x_117_140: 1.000000 (18158 357.000000)
x_118_119: 1.000000 (18291 1845.000000)
x_119_136: 1.000000 (18462 357.000000)
x_120_121: 1.000000 (18601 1845.000000)
x_121_132: 1.000000 (18766 357.000000)
x_122_124: 1.000000 (18912 2550.000000)
x_123_92: 1.000000 (19034 6055.000000)
x_124_125: 1.000000 (19221 151.000000)
x_125_126: 1.000000 (19376 128.000000)
x_126_152: 1.000000 (19556 96.000000)
x_127_128: 1.000000 (19686 150.000000)
x_128_123: 1.000000 (19835 357.000000)
x_129_122: 1.000000 (19988 151.000000)
x_130_129: 1.000000 (20149 128.000000)
x_131_147: 1.000000 (20321 250.000000)
x_132_131: 1.000000 (20459 150.000000)
x_133_120: 1.000000 (20602 151.000000)
x_134_133: 1.000000 (20769 128.000000)
x_135_144: 1.000000 (20934 250.000000)
x_136_135: 1.000000 (21079 150.000000)
x_137_118: 1.000000 (21216 151.000000)
x_138_137: 1.000000 (21389 128.000000)
x_139_141: 1.000000 (21547 250.000000)
x_140_139: 1.000000 (21699 150.000000)
x_141_142: 1.000000 (21856 150.000000)
x_142_143: 1.000000 (22011 81.000000)
x_143_138: 1.000000 (22160 96.000000)
x_144_145: 1.000000 (22321 150.000000)
x_145_146: 1.000000 (22476 81.000000)
x_146_134: 1.000000 (22618 96.000000)
x_147_148: 1.000000 (22786 150.000000)
x_148_149: 1.000000 (22941 81.000000)
x_149_130: 1.000000 (23076 96.000000)
x_150_151: 1.000000 (23251 150.000000)
x_151_127: 1.000000 (23381 250.000000)
x_152_150: 1.000000 (23558 81.000000)
y_0_1: 1.000000 (23717 11130.147753)
y_0_45: 1.000000 (23761 3024.176747)
y_0_47: 1.000000 (23763 5431.836246)
y_0_54: 1.000000 (23770 3437.424763)
y_0_69: 1.000000 (23785 3526.200363)
y_0_70: 1.000000 (23786 3638.061159)
y_0_78: 1.000000 (23794 5895.624564)
y_0_89: 1.000000 (23805 5946.170616)
y_0_90: 1.000000 (23806 5293.485525)
y_0_97: 1.000000 (23813 5845.245333)
y_0_98: 1.000000 (23814 5789.001382)
y_0_99: 1.000000 (23815 5838.175143)
y_0_100: 1.000000 (23816 6416.968833)
y_0_113: 1.000000 (23829 6553.918599)
y_0_114: 1.000000 (23830 6450.851804)