Solution: 1629.380000
x_0_69: 1.000000 (69 47.355000)
x_5_6: 1.000000 (1161 5.900000)
x_6_224: 1.000000 (1610 211.060000)
x_12_5: 1.000000 (2777 14.410000)
x_14_15: 1.000000 (3249 3.340000)
x_15_25: 1.000000 (3490 13.470000)
x_16_12: 1.000000 (3708 5.800000)
x_20_16: 1.000000 (4636 4.580000)
x_25_85: 1.000000 (5860 3.220000)
x_26_14: 1.000000 (6020 9.620000)
x_27_26: 1.000000 (6263 5.700000)
x_30_31: 1.000000 (6961 9.330000)
x_31_32: 1.000000 (7193 10.940000)
x_32_27: 1.000000 (7419 32.640000)
x_33_30: 1.000000 (7653 5.640000)
x_35_33: 1.000000 (8118 12.220000)
x_36_35: 1.000000 (8351 4.500000)
x_37_36: 1.000000 (8583 3.050000)
x_42_46: 1.000000 (9748 14.130000)
x_43_42: 1.000000 (9975 50.120000)
x_44_43: 1.000000 (10207 30.340000)
x_46_184: 1.000000 (10810 5.630000)
x_47_48: 1.000000 (10905 4.040000)
x_48_44: 1.000000 (11132 28.070000)
x_49_47: 1.000000 (11366 9.170000)
x_54_55: 1.000000 (12529 2.740000)
x_55_20: 1.000000 (12725 10.090000)
x_58_54: 1.000000 (13452 1.540000)
x_59_60: 1.000000 (13689 2.350000)
x_60_61: 1.000000 (13921 1.390000)
x_61_62: 1.000000 (14153 1.110000)
x_62_63: 1.000000 (14385 2.220000)
x_63_66: 1.000000 (14619 0.530000)
x_64_58: 1.000000 (14842 4.690000)
x_66_64: 1.000000 (15310 1.180000)
x_67_78: 1.000000 (15555 7.170000)
x_68_67: 1.000000 (15775 3.220000)
x_69_68: 1.000000 (16007 0.400000)
x_75_91: 1.000000 (17416 6.860000)
x_76_75: 1.000000 (17631 3.870000)
x_77_76: 1.000000 (17863 1.930000)
x_78_77: 1.000000 (18095 5.670000)
x_79_88: 1.000000 (18337 1.570000)
x_80_87: 1.000000 (18567 4.320000)
x_81_82: 1.000000 (18793 2.100000)
x_82_83: 1.000000 (19025 2.120000)
x_83_59: 1.000000 (19232 6.060000)
x_85_86: 1.000000 (19721 3.660000)
x_86_89: 1.000000 (19955 3.120000)
x_87_81: 1.000000 (20178 3.770000)
x_88_80: 1.000000 (20408 0.790000)
x_89_90: 1.000000 (20649 3.980000)
x_90_79: 1.000000 (20869 4.890000)
x_91_94: 1.000000 (21115 9.400000)
x_94_100: 1.000000 (21814 2.900000)
x_95_37: 1.000000 (21982 4.680000)
x_96_95: 1.000000 (22271 4.870000)
x_97_96: 1.000000 (22503 3.150000)
x_98_97: 1.000000 (22735 1.230000)
x_99_98: 1.000000 (22967 2.900000)
x_100_101: 1.000000 (23201 4.220000)
x_101_102: 1.000000 (23433 2.500000)
x_102_103: 1.000000 (23665 1.890000)
x_103_112: 1.000000 (23905 6.840000)
x_105_107: 1.000000 (24362 3.490000)
x_106_99: 1.000000 (24585 5.670000)
x_107_106: 1.000000 (24823 2.850000)
x_108_105: 1.000000 (25053 5.200000)
x_109_108: 1.000000 (25287 3.870000)
x_110_109: 1.000000 (25519 2.230000)
x_111_126: 1.000000 (25767 3.140000)
x_112_115: 1.000000 (25987 4.570000)
x_114_111: 1.000000 (26445 4.740000)
x_115_116: 1.000000 (26681 7.140000)
x_116_117: 1.000000 (26913 5.080000)
x_117_114: 1.000000 (27141 5.200000)
x_124_110: 1.000000 (28754 2.190000)
x_125_124: 1.000000 (28999 4.350000)
x_126_127: 1.000000 (29233 2.480000)
x_127_128: 1.000000 (29465 4.750000)
x_128_129: 1.000000 (29697 5.580000)
x_129_130: 1.000000 (29929 4.490000)
x_130_132: 1.000000 (30162 4.660000)
x_131_133: 1.000000 (30394 4.930000)
x_132_131: 1.000000 (30623 2.220000)
x_133_134: 1.000000 (30857 6.590000)
x_134_135: 1.000000 (31089 1.010000)
x_135_136: 1.000000 (31321 7.320000)
x_136_137: 1.000000 (31553 2.730000)
x_137_140: 1.000000 (31787 11.360000)
x_139_143: 1.000000 (32252 5.830000)
x_140_142: 1.000000 (32482 3.270000)
x_141_144: 1.000000 (32715 4.660000)
x_142_139: 1.000000 (32941 3.700000)
x_143_141: 1.000000 (33174 5.040000)
x_144_145: 1.000000 (33409 5.580000)
x_145_146: 1.000000 (33641 1.320000)
x_146_147: 1.000000 (33873 3.800000)
x_147_148: 1.000000 (34105 2.560000)
x_148_149: 1.000000 (34337 3.920000)
x_149_150: 1.000000 (34569 9.930000)
x_150_205: 1.000000 (34855 29.310000)
x_156_159: 1.000000 (36195 6.600000)
x_157_156: 1.000000 (36423 8.330000)
x_158_157: 1.000000 (36655 6.300000)
x_159_160: 1.000000 (36889 4.960000)
x_160_161: 1.000000 (37121 1.440000)
x_161_162: 1.000000 (37353 5.270000)
x_162_164: 1.000000 (37586 8.860000)
x_163_172: 1.000000 (37825 1.820000)
x_164_199: 1.000000 (38083 10.980000)
x_165_173: 1.000000 (38288 3.160000)
x_166_125: 1.000000 (38471 3.820000)
x_167_169: 1.000000 (38746 6.270000)
x_168_167: 1.000000 (38975 6.990000)
x_169_170: 1.000000 (39209 3.300000)
x_170_166: 1.000000 (39436 15.260000)
x_172_174: 1.000000 (39906 8.310000)
x_173_163: 1.000000 (40126 8.970000)
x_174_177: 1.000000 (40371 4.900000)
x_175_176: 1.000000 (40601 3.700000)
x_176_165: 1.000000 (40821 6.130000)
x_177_168: 1.000000 (41055 5.200000)
x_178_175: 1.000000 (41293 5.750000)
x_182_178: 1.000000 (42220 3.630000)
x_183_182: 1.000000 (42455 4.870000)
x_184_186: 1.000000 (42690 8.290000)
x_185_183: 1.000000 (42918 4.650000)
x_186_185: 1.000000 (43151 2.810000)
x_187_196: 1.000000 (43393 4.060000)
x_188_49: 1.000000 (43477 4.760000)
x_189_188: 1.000000 (43847 4.740000)
x_190_189: 1.000000 (44079 1.740000)
x_191_190: 1.000000 (44311 3.800000)
x_192_193: 1.000000 (44545 1.400000)
x_193_191: 1.000000 (44774 3.990000)
x_194_192: 1.000000 (45006 1.200000)
x_195_194: 1.000000 (45239 0.750000)
x_196_195: 1.000000 (45471 3.190000)
x_197_198: 1.000000 (45705 1.900000)
x_198_187: 1.000000 (45925 5.000000)
x_199_197: 1.000000 (46166 8.500000)
x_201_158: 1.000000 (46589 11.050000)
x_202_203: 1.000000 (46865 10.200000)
x_203_201: 1.000000 (47094 13.660000)
x_204_212: 1.000000 (47336 14.170000)
x_205_204: 1.000000 (47559 34.280000)
x_206_207: 1.000000 (47793 9.170000)
x_207_208: 1.000000 (48025 7.650000)
x_208_209: 1.000000 (48257 12.950000)
x_209_210: 1.000000 (48489 8.130000)
x_210_211: 1.000000 (48721 14.660000)
x_211_219: 1.000000 (48960 32.850000)
x_212_206: 1.000000 (49178 15.950000)
x_213_216: 1.000000 (49419 13.160000)
x_214_213: 1.000000 (49647 4.280000)
x_215_214: 1.000000 (49879 4.230000)
x_216_220: 1.000000 (50116 22.550000)
x_217_218: 1.000000 (50345 11.620000)
x_218_227: 1.000000 (50585 24.240000)
x_219_215: 1.000000 (50804 26.880000)
x_220_221: 1.000000 (51041 19.600000)
x_221_222: 1.000000 (51273 15.920000)
x_222_223: 1.000000 (51505 12.990000)
x_223_202: 1.000000 (51715 28.580000)
x_224_225: 1.000000 (51969 19.990000)
x_225_217: 1.000000 (52192 40.520000)
x_226_230: 1.000000 (52436 161.855000)
x_227_228: 1.000000 (52665 27.000000)
x_228_229: 1.000000 (52897 22.870000)
x_229_226: 1.000000 (53125 47.400000)
y_0_1: 1.000000 (53362 129.780319)
y_0_2: 1.000000 (53363 130.509770)
y_0_3: 1.000000 (53364 111.235720)
y_0_4: 1.000000 (53365 105.288771)
y_0_7: 1.000000 (53368 97.372389)
y_0_8: 1.000000 (53369 98.045716)
y_0_9: 1.000000 (53370 87.672227)
y_0_10: 1.000000 (53371 95.966065)
y_0_11: 1.000000 (53372 89.886133)
y_0_13: 1.000000 (53374 122.776852)
y_0_17: 1.000000 (53378 103.001123)
y_0_18: 1.000000 (53379 98.342168)
y_0_19: 1.000000 (53380 90.905015)
y_0_21: 1.000000 (53382 112.455666)
y_0_22: 1.000000 (53383 115.590538)
y_0_23: 1.000000 (53384 104.271256)
y_0_24: 1.000000 (53385 102.478742)
y_0_28: 1.000000 (53389 166.353180)
y_0_29: 1.000000 (53390 207.572201)
y_0_34: 1.000000 (53395 162.555420)
y_0_38: 1.000000 (53399 182.867775)
y_0_39: 1.000000 (53400 220.541566)
y_0_40: 1.000000 (53401 221.746299)
y_0_41: 1.000000 (53402 237.486390)
y_0_45: 1.000000 (53406 312.614313)
y_0_50: 1.000000 (53411 267.401478)
y_0_51: 1.000000 (53412 79.516014)
y_0_52: 1.000000 (53413 73.457844)
y_0_53: 1.000000 (53414 83.105004)
y_0_56: 1.000000 (53417 96.672646)
y_0_57: 1.000000 (53418 92.715365)
y_0_65: 1.000000 (53426 77.204172)
y_0_70: 1.000000 (53431 85.379626)
y_0_71: 1.000000 (53432 82.179794)
y_0_72: 1.000000 (53433 87.118543)
y_0_73: 1.000000 (53434 95.159353)
y_0_74: 1.000000 (53435 115.887482)
y_0_84: 1.000000 (53445 103.488402)
y_0_92: 1.000000 (53453 125.422448)
y_0_93: 1.000000 (53454 129.102713)
y_0_104: 1.000000 (53465 157.252530)
y_0_113: 1.000000 (53474 156.090199)
y_0_118: 1.000000 (53479 147.224361)
y_0_119: 1.000000 (53480 151.577422)
y_0_120: 1.000000 (53481 157.228625)
y_0_121: 1.000000 (53482 153.713715)
y_0_122: 1.000000 (53483 153.077933)
y_0_123: 1.000000 (53484 156.247258)
y_0_138: 1.000000 (53499 197.516249)
y_0_151: 1.000000 (53512 227.566762)
y_0_152: 1.000000 (53513 218.284432)
y_0_153: 1.000000 (53514 226.438589)
y_0_154: 1.000000 (53515 232.322235)
y_0_155: 1.000000 (53516 237.767565)
y_0_171: 1.000000 (53532 203.393228)
y_0_179: 1.000000 (53540 227.360897)
y_0_180: 1.000000 (53541 237.444525)
y_0_181: 1.000000 (53542 235.970281)
y_0_200: 1.000000 (53561 285.824510)
