Solution: 74302.000000
x_0_30: 1.000000 (30 4257.500000)
x_2_16: 1.000000 (324 850.000000)
x_3_15: 1.000000 (477 1093.000000)
x_4_3: 1.000000 (619 1150.000000)
x_5_4: 1.000000 (774 1400.000000)
x_6_5: 1.000000 (929 1150.000000)
x_7_6: 1.000000 (1084 1400.000000)
x_8_7: 1.000000 (1239 1150.000000)
x_9_17: 1.000000 (1403 307.000000)
x_10_9: 1.000000 (1549 1157.000000)
x_11_20: 1.000000 (1714 1379.000000)
x_12_24: 1.000000 (1872 300.000000)
x_13_12: 1.000000 (2014 1397.000000)
x_15_32: 1.000000 (2342 307.000000)
x_16_35: 1.000000 (2499 586.000000)
x_17_18: 1.000000 (2636 330.000000)
x_18_40: 1.000000 (2812 370.000000)
x_19_10: 1.000000 (2936 300.000000)
x_20_21: 1.000000 (3101 110.000000)
x_21_19: 1.000000 (3253 212.000000)
x_22_11: 1.000000 (3399 307.000000)
x_23_22: 1.000000 (3564 330.000000)
x_24_25: 1.000000 (3721 212.000000)
x_25_26: 1.000000 (3876 110.000000)
x_26_39: 1.000000 (4043 1118.000000)
x_27_13: 1.000000 (4171 307.000000)
x_28_27: 1.000000 (4339 330.000000)
x_29_38: 1.000000 (4504 850.000000)
x_30_31: 1.000000 (4651 110.000000)
x_31_29: 1.000000 (4803 286.000000)
x_32_33: 1.000000 (4961 330.000000)
x_33_37: 1.000000 (5119 370.000000)
x_34_47: 1.000000 (5283 5805.000000)
x_35_36: 1.000000 (5426 110.000000)
x_36_34: 1.000000 (5578 212.000000)
x_37_2: 1.000000 (5700 750.000000)
x_38_28: 1.000000 (5880 370.000000)
x_39_23: 1.000000 (6029 370.000000)
x_40_8: 1.000000 (6168 750.000000)
x_41_60: 1.000000 (6374 357.000000)
x_42_58: 1.000000 (6526 151.000000)
x_47_51: 1.000000 (7289 357.000000)
x_48_49: 1.000000 (7441 151.000000)
x_49_50: 1.000000 (7596 128.000000)
x_50_77: 1.000000 (7777 721.000000)
x_51_73: 1.000000 (7927 150.000000)
x_53_70: 1.000000 (8232 321.000000)
x_58_83: 1.000000 (9015 849.000000)
x_59_42: 1.000000 (9128 279.000000)
x_60_61: 1.000000 (9301 150.000000)
x_61_62: 1.000000 (9456 250.000000)
x_62_63: 1.000000 (9611 150.000000)
x_63_64: 1.000000 (9766 81.000000)
x_64_59: 1.000000 (9915 96.000000)
x_69_153: 1.000000 (10779 1808.500000)
x_70_69: 1.000000 (10849 250.000000)
x_71_72: 1.000000 (11006 81.000000)
x_72_53: 1.000000 (11141 96.000000)
x_73_75: 1.000000 (11317 250.000000)
x_74_76: 1.000000 (11472 81.000000)
x_75_74: 1.000000 (11624 150.000000)
x_76_48: 1.000000 (11752 369.000000)
x_77_92: 1.000000 (11950 800.000000)
x_79_71: 1.000000 (12237 600.000000)
x_83_87: 1.000000 (12869 1093.000000)
x_84_41: 1.000000 (12977 1445.000000)
x_85_84: 1.000000 (13174 803.000000)
x_86_107: 1.000000 (13351 300.000000)
x_87_104: 1.000000 (13502 307.000000)
x_92_95: 1.000000 (14263 300.000000)
x_93_125: 1.000000 (14447 6161.000000)
x_94_93: 1.000000 (14569 110.000000)
x_95_94: 1.000000 (14724 212.000000)
x_97_79: 1.000000 (15017 782.000000)
x_98_97: 1.000000 (15189 110.000000)
x_99_98: 1.000000 (15344 212.000000)
x_100_113: 1.000000 (15513 330.000000)
x_101_102: 1.000000 (15656 110.000000)
x_102_100: 1.000000 (15808 1224.000000)
x_103_101: 1.000000 (15963 286.000000)
x_104_111: 1.000000 (16127 330.000000)
x_105_106: 1.000000 (16276 110.000000)
x_106_110: 1.000000 (16434 1062.000000)
x_107_105: 1.000000 (16583 286.000000)
x_108_85: 1.000000 (16717 307.000000)
x_109_108: 1.000000 (16894 330.000000)
x_110_109: 1.000000 (17049 370.000000)
x_111_112: 1.000000 (17206 370.000000)
x_112_103: 1.000000 (17351 850.000000)
x_113_114: 1.000000 (17516 370.000000)
x_114_99: 1.000000 (17655 850.000000)
x_117_86: 1.000000 (18104 6055.000000)
x_118_137: 1.000000 (18309 151.000000)
x_119_138: 1.000000 (18464 2124.000000)
x_120_133: 1.000000 (18613 151.000000)
x_121_120: 1.000000 (18754 1845.000000)
x_122_149: 1.000000 (18937 369.000000)
x_123_130: 1.000000 (19072 2124.000000)
x_124_126: 1.000000 (19222 279.000000)
x_125_124: 1.000000 (19374 151.000000)
x_126_152: 1.000000 (19556 96.000000)
x_127_128: 1.000000 (19686 150.000000)
x_128_123: 1.000000 (19835 357.000000)
x_129_122: 1.000000 (19988 151.000000)
x_130_129: 1.000000 (20149 128.000000)
x_131_132: 1.000000 (20306 150.000000)
x_132_121: 1.000000 (20449 357.000000)
x_133_134: 1.000000 (20616 128.000000)
x_134_146: 1.000000 (20782 96.000000)
x_135_136: 1.000000 (20926 150.000000)
x_136_119: 1.000000 (21063 357.000000)
x_137_143: 1.000000 (21241 218.000000)
x_138_118: 1.000000 (21370 279.000000)
x_139_140: 1.000000 (21546 150.000000)
x_140_117: 1.000000 (21677 357.000000)
x_141_139: 1.000000 (21853 250.000000)
x_142_141: 1.000000 (22009 150.000000)
x_143_142: 1.000000 (22164 81.000000)
x_144_135: 1.000000 (22311 250.000000)
x_145_144: 1.000000 (22474 150.000000)
x_146_145: 1.000000 (22629 81.000000)
x_147_131: 1.000000 (22769 250.000000)
x_148_147: 1.000000 (22939 150.000000)
x_149_148: 1.000000 (23094 81.000000)
x_150_151: 1.000000 (23251 150.000000)
x_151_127: 1.000000 (23381 250.000000)
x_152_150: 1.000000 (23558 81.000000)
y_0_1: 1.000000 (23717 11130.147753)
y_0_14: 1.000000 (23730 9035.817008)
y_0_43: 1.000000 (23759 6387.992251)
y_0_44: 1.000000 (23760 5179.773837)
y_0_45: 1.000000 (23761 3024.176747)
y_0_46: 1.000000 (23762 3103.684423)
y_0_52: 1.000000 (23768 3321.768354)
y_0_54: 1.000000 (23770 3437.424763)
y_0_55: 1.000000 (23771 5370.600060)
y_0_56: 1.000000 (23772 5536.193006)
y_0_57: 1.000000 (23773 6387.823495)
y_0_65: 1.000000 (23781 6275.546908)
y_0_66: 1.000000 (23782 6008.651180)
y_0_67: 1.000000 (23783 5772.234316)
y_0_68: 1.000000 (23784 5648.604518)
y_0_78: 1.000000 (23794 5895.624564)
y_0_80: 1.000000 (23796 5049.434523)
y_0_81: 1.000000 (23797 6521.655388)
y_0_82: 1.000000 (23798 8261.669868)
y_0_88: 1.000000 (23804 7651.103777)
y_0_89: 1.000000 (23805 5946.170616)
y_0_90: 1.000000 (23806 5293.485525)
y_0_91: 1.000000 (23807 5770.315849)
y_0_96: 1.000000 (23812 6303.101538)
y_0_115: 1.000000 (23831 6721.417187)
y_0_116: 1.000000 (23832 7096.836549)