Solution: 1726.000000
x_0_62: 1.000000 (62 69.000000)
x_2_115: 1.000000 (359 14.000000)
x_3_82: 1.000000 (448 15.000000)
x_4_26: 1.000000 (514 14.000000)
x_7_56: 1.000000 (910 19.000000)
x_9_23: 1.000000 (1121 14.000000)
x_10_121: 1.000000 (1341 32.000000)
x_11_9: 1.000000 (1351 16.000000)
x_12_97: 1.000000 (1561 7.000000)
x_13_98: 1.000000 (1684 81.000000)
x_14_75: 1.000000 (1783 14.000000)
x_15_30: 1.000000 (1860 17.000000)
x_16_24: 1.000000 (1976 22.000000)
x_17_13: 1.000000 (2087 70.000000)
x_18_31: 1.000000 (2227 41.000000)
x_19_117: 1.000000 (2435 10.000000)
x_20_113: 1.000000 (2553 22.000000)
x_21_93: 1.000000 (2655 17.000000)
x_22_86: 1.000000 (2770 19.000000)
x_23_103: 1.000000 (2909 22.000000)
x_24_96: 1.000000 (3024 30.000000)
x_25_19: 1.000000 (3069 17.000000)
x_26_70: 1.000000 (3242 12.000000)
x_27_80: 1.000000 (3374 10.000000)
x_28_45: 1.000000 (3461 9.000000)
x_29_76: 1.000000 (3614 9.000000)
x_30_32: 1.000000 (3692 7.000000)
x_31_66: 1.000000 (3848 10.000000)
x_32_61: 1.000000 (3965 17.000000)
x_33_25: 1.000000 (4051 46.000000)
x_34_40: 1.000000 (4188 17.000000)
x_36_84: 1.000000 (4476 11.000000)
x_37_67: 1.000000 (4581 7.000000)
x_40_72: 1.000000 (4952 8.000000)
x_41_87: 1.000000 (5089 28.000000)
x_42_118: 1.000000 (5242 24.000000)
x_43_58: 1.000000 (5304 27.000000)
x_44_42: 1.000000 (5410 28.000000)
x_45_92: 1.000000 (5582 15.000000)
x_46_20: 1.000000 (5632 14.000000)
x_47_48: 1.000000 (5782 20.000000)
x_48_102: 1.000000 (5958 11.000000)
x_49_17: 1.000000 (5995 11.000000)
x_50_46: 1.000000 (6146 12.000000)
x_52_100: 1.000000 (6444 11.000000)
x_53_27: 1.000000 (6493 14.000000)
x_54_71: 1.000000 (6659 18.000000)
x_56_41: 1.000000 (6873 13.000000)
x_57_63: 1.000000 (7017 19.000000)
x_58_79: 1.000000 (7155 11.000000)
x_59_15: 1.000000 (7213 10.000000)
x_61_16: 1.000000 (7458 8.000000)
x_62_37: 1.000000 (7601 8.000000)
x_63_77: 1.000000 (7763 19.000000)
x_64_53: 1.000000 (7861 22.000000)
x_65_69: 1.000000 (7999 9.000000)
x_66_22: 1.000000 (8074 24.000000)
x_67_57: 1.000000 (8231 23.000000)
x_68_91: 1.000000 (8387 27.000000)
x_69_107: 1.000000 (8525 23.000000)
x_70_116: 1.000000 (8656 6.000000)
x_71_47: 1.000000 (8709 7.000000)
x_72_7: 1.000000 (8791 20.000000)
x_75_44: 1.000000 (9194 15.000000)
x_76_59: 1.000000 (9331 25.000000)
x_77_95: 1.000000 (9489 21.000000)
x_78_28: 1.000000 (9544 11.000000)
x_79_68: 1.000000 (9706 23.000000)
x_80_3: 1.000000 (9763 16.000000)
x_81_94: 1.000000 (9976 8.000000)
x_82_2: 1.000000 (10006 19.000000)
x_84_10: 1.000000 (10258 38.000000)
x_85_18: 1.000000 (10388 13.000000)
x_86_81: 1.000000 (10573 21.000000)
x_87_14: 1.000000 (10628 17.000000)
x_88_109: 1.000000 (10845 28.000000)
x_90_54: 1.000000 (11034 8.000000)
x_91_52: 1.000000 (11154 43.000000)
x_92_120: 1.000000 (11344 10.000000)
x_93_64: 1.000000 (11410 18.000000)
x_94_78: 1.000000 (11546 14.000000)
x_95_12: 1.000000 (11602 25.000000)
x_96_90: 1.000000 (11802 7.000000)
x_97_88: 1.000000 (11922 34.000000)
x_98_50: 1.000000 (12006 5.000000)
x_100_33: 1.000000 (12233 17.000000)
x_101_112: 1.000000 (12434 24.000000)
x_102_101: 1.000000 (12545 11.000000)
x_103_119: 1.000000 (12685 15.000000)
x_107_108: 1.000000 (13162 21.000000)
x_108_43: 1.000000 (13219 12.000000)
x_109_21: 1.000000 (13319 12.000000)
x_112_36: 1.000000 (13700 17.000000)
x_113_65: 1.000000 (13851 13.000000)
x_115_11: 1.000000 (14041 23.000000)
x_116_34: 1.000000 (14186 9.000000)
x_117_85: 1.000000 (14359 14.000000)
x_118_49: 1.000000 (14445 10.000000)
x_119_4: 1.000000 (14522 20.000000)
x_120_29: 1.000000 (14669 10.000000)
y_0_1: 1.000000 (14885 224.000000)
y_0_5: 1.000000 (14889 207.460840)
y_0_6: 1.000000 (14890 121.753850)
y_0_8: 1.000000 (14892 175.692914)
y_0_35: 1.000000 (14919 77.175126)
y_0_38: 1.000000 (14922 250.199920)
y_0_39: 1.000000 (14923 202.009901)
y_0_51: 1.000000 (14935 307.050484)
y_0_55: 1.000000 (14939 140.356688)
y_0_60: 1.000000 (14944 203.666394)
y_0_73: 1.000000 (14957 170.293864)
y_0_74: 1.000000 (14958 273.853976)
y_0_83: 1.000000 (14967 170.000000)
y_0_89: 1.000000 (14973 141.534448)
y_0_99: 1.000000 (14983 101.607086)
y_0_104: 1.000000 (14988 104.785495)
y_0_105: 1.000000 (14989 240.973028)
y_0_106: 1.000000 (14990 131.575074)
y_0_110: 1.000000 (14994 153.218798)
y_0_111: 1.000000 (14995 154.828938)
y_0_114: 1.000000 (14998 171.230838)