Solution: 1725.445294
x_0_72: 1.000000 (72 44.165000)
x_3_4: 1.000000 (697 6.000000)
x_4_5: 1.000000 (929 3.070000)
x_5_6: 1.000000 (1161 5.900000)
x_6_7: 1.000000 (1393 4.910000)
x_7_8: 1.000000 (1625 3.020000)
x_8_10: 1.000000 (1858 6.250000)
x_10_11: 1.000000 (2321 4.110000)
x_11_19: 1.000000 (2560 4.800000)
x_13_3: 1.000000 (3006 17.200000)
x_14_13: 1.000000 (3247 5.830000)
x_16_20: 1.000000 (3716 4.580000)
x_17_16: 1.000000 (3943 4.350000)
x_18_17: 1.000000 (4175 3.290000)
x_19_18: 1.000000 (4407 5.180000)
x_20_21: 1.000000 (4641 6.130000)
x_21_23: 1.000000 (4874 7.250000)
x_23_24: 1.000000 (5337 1.510000)
x_24_56: 1.000000 (5600 3.690000)
x_26_14: 1.000000 (6020 9.620000)
x_27_26: 1.000000 (6263 5.700000)
x_31_27: 1.000000 (7188 23.680000)
x_32_31: 1.000000 (7423 10.940000)
x_39_32: 1.000000 (9041 15.550000)
x_40_39: 1.000000 (9279 6.940000)
x_41_40: 1.000000 (9511 11.250000)
x_43_44: 1.000000 (9977 30.340000)
x_44_47: 1.000000 (10211 24.030000)
x_45_43: 1.000000 (10438 31.920000)
x_46_41: 1.000000 (10667 15.880000)
x_47_48: 1.000000 (10905 4.040000)
x_48_50: 1.000000 (11138 8.670000)
x_49_45: 1.000000 (11364 20.820000)
x_50_184: 1.000000 (11734 7.500000)
x_54_58: 1.000000 (12532 1.540000)
x_55_54: 1.000000 (12759 2.740000)
x_56_55: 1.000000 (12991 4.250000)
x_57_83: 1.000000 (13250 4.290000)
x_58_62: 1.000000 (13460 3.600000)
x_59_57: 1.000000 (13686 4.470000)
x_60_59: 1.000000 (13919 2.350000)
x_61_60: 1.000000 (14151 1.390000)
x_62_64: 1.000000 (14386 1.330000)
x_63_61: 1.000000 (14614 2.350000)
x_64_65: 1.000000 (14849 1.000000)
x_65_66: 1.000000 (15081 1.260000)
x_66_63: 1.000000 (15309 0.530000)
x_68_224: 1.000000 (15932 196.750000)
x_69_68: 1.000000 (16007 0.400000)
x_72_73: 1.000000 (16705 5.830000)
x_73_77: 1.000000 (16940 13.080000)
x_76_90: 1.000000 (17646 5.190000)
x_77_76: 1.000000 (17863 1.930000)
x_78_69: 1.000000 (18087 10.050000)
x_79_78: 1.000000 (18327 5.980000)
x_80_88: 1.000000 (18568 0.790000)
x_81_87: 1.000000 (18798 3.770000)
x_82_81: 1.000000 (19023 2.100000)
x_83_82: 1.000000 (19255 2.120000)
x_86_92: 1.000000 (19958 8.880000)
x_87_80: 1.000000 (20177 4.320000)
x_88_79: 1.000000 (20407 1.570000)
x_89_86: 1.000000 (20645 3.120000)
x_90_89: 1.000000 (20879 3.980000)
x_92_93: 1.000000 (21345 4.740000)
x_93_94: 1.000000 (21577 6.060000)
x_94_100: 1.000000 (21814 2.900000)
x_96_97: 1.000000 (22273 3.150000)
x_97_104: 1.000000 (22511 5.000000)
x_98_96: 1.000000 (22734 2.120000)
x_99_98: 1.000000 (22967 2.900000)
x_100_103: 1.000000 (23203 5.630000)
x_101_99: 1.000000 (23430 5.460000)
x_102_101: 1.000000 (23663 2.500000)
x_103_102: 1.000000 (23895 1.890000)
x_104_105: 1.000000 (24129 2.680000)
x_105_107: 1.000000 (24362 3.490000)
x_106_112: 1.000000 (24598 3.800000)
x_107_106: 1.000000 (24823 2.850000)
x_108_109: 1.000000 (25057 3.870000)
x_109_110: 1.000000 (25289 2.230000)
x_110_124: 1.000000 (25534 2.190000)
x_111_127: 1.000000 (25768 3.400000)
x_112_115: 1.000000 (25987 4.570000)
x_113_108: 1.000000 (26211 6.340000)
x_114_113: 1.000000 (26447 7.230000)
x_115_118: 1.000000 (26683 5.970000)
x_116_117: 1.000000 (26913 5.080000)
x_117_114: 1.000000 (27141 5.200000)
x_118_119: 1.000000 (27377 4.870000)
x_119_122: 1.000000 (27611 3.750000)
x_120_116: 1.000000 (27836 6.060000)
x_121_120: 1.000000 (28071 4.320000)
x_122_121: 1.000000 (28303 1.270000)
x_124_125: 1.000000 (28769 4.350000)
x_125_166: 1.000000 (29041 3.820000)
x_126_111: 1.000000 (29217 3.140000)
x_127_128: 1.000000 (29465 4.750000)
x_128_129: 1.000000 (29697 5.580000)
x_129_130: 1.000000 (29929 4.490000)
x_130_131: 1.000000 (30161 4.540000)
x_131_132: 1.000000 (30393 2.220000)
x_132_134: 1.000000 (30626 6.300000)
x_133_171: 1.000000 (30894 7.140000)
x_134_135: 1.000000 (31089 1.010000)
x_135_136: 1.000000 (31321 7.320000)
x_136_137: 1.000000 (31553 2.730000)
x_137_138: 1.000000 (31785 6.360000)
x_138_139: 1.000000 (32017 8.310000)
x_139_142: 1.000000 (32251 3.700000)
x_140_143: 1.000000 (32483 4.880000)
x_141_144: 1.000000 (32715 4.660000)
x_142_140: 1.000000 (32942 3.270000)
x_143_141: 1.000000 (33174 5.040000)
x_144_145: 1.000000 (33409 5.580000)
x_145_146: 1.000000 (33641 1.320000)
x_146_147: 1.000000 (33873 3.800000)
x_147_148: 1.000000 (34105 2.560000)
x_148_151: 1.000000 (34339 5.850000)
x_149_150: 1.000000 (34569 9.930000)
x_150_204: 1.000000 (34854 9.330000)
x_151_149: 1.000000 (35030 5.970000)
x_156_159: 1.000000 (36195 6.600000)
x_157_156: 1.000000 (36423 8.330000)
x_158_157: 1.000000 (36655 6.300000)
x_159_160: 1.000000 (36889 4.960000)
x_160_161: 1.000000 (37121 1.440000)
x_161_162: 1.000000 (37353 5.270000)
x_162_164: 1.000000 (37586 8.860000)
x_163_172: 1.000000 (37825 1.820000)
x_164_173: 1.000000 (38057 4.680000)
x_165_176: 1.000000 (38291 6.130000)
x_166_126: 1.000000 (38472 6.810000)
x_168_177: 1.000000 (38985 5.200000)
x_169_170: 1.000000 (39209 3.300000)
x_170_168: 1.000000 (39438 6.940000)
x_171_169: 1.000000 (39670 6.980000)
x_172_133: 1.000000 (39865 9.690000)
x_173_165: 1.000000 (40128 3.160000)
x_174_163: 1.000000 (40357 8.270000)
x_175_174: 1.000000 (40599 5.970000)
x_176_175: 1.000000 (40831 3.700000)
x_177_179: 1.000000 (41066 4.160000)
x_178_182: 1.000000 (41300 3.630000)
x_179_181: 1.000000 (41530 5.950000)
x_180_178: 1.000000 (41758 6.090000)
x_181_180: 1.000000 (41991 1.340000)
x_182_183: 1.000000 (42225 4.870000)
x_183_185: 1.000000 (42458 4.650000)
x_184_46: 1.000000 (42550 5.630000)
x_185_186: 1.000000 (42921 2.810000)
x_186_187: 1.000000 (43153 4.720000)
x_187_197: 1.000000 (43394 3.100000)
x_188_49: 1.000000 (43477 4.760000)
x_189_188: 1.000000 (43847 4.740000)
x_190_189: 1.000000 (44079 1.740000)
x_191_190: 1.000000 (44311 3.800000)
x_192_193: 1.000000 (44545 1.400000)
x_193_191: 1.000000 (44774 3.990000)
x_194_192: 1.000000 (45006 1.200000)
x_195_194: 1.000000 (45239 0.750000)
x_196_195: 1.000000 (45471 3.190000)
x_197_198: 1.000000 (45705 1.900000)
x_198_196: 1.000000 (45934 4.820000)
x_200_201: 1.000000 (46401 19.650000)
x_201_158: 1.000000 (46589 11.050000)
x_202_221: 1.000000 (46883 12.590000)
x_203_202: 1.000000 (47095 10.200000)
x_204_212: 1.000000 (47336 14.170000)
x_205_206: 1.000000 (47561 25.840000)
x_206_207: 1.000000 (47793 9.170000)
x_207_208: 1.000000 (48025 7.650000)
x_208_213: 1.000000 (48261 26.100000)
x_209_211: 1.000000 (48490 19.010000)
x_210_209: 1.000000 (48719 8.130000)
x_211_203: 1.000000 (48944 10.480000)
x_212_205: 1.000000 (49177 26.170000)
x_213_214: 1.000000 (49417 4.280000)
x_214_215: 1.000000 (49649 4.230000)
x_215_216: 1.000000 (49881 4.670000)
x_216_219: 1.000000 (50115 22.230000)
x_217_227: 1.000000 (50354 29.540000)
x_218_217: 1.000000 (50575 11.620000)
x_219_220: 1.000000 (50809 16.060000)
x_220_210: 1.000000 (51030 18.370000)
x_221_222: 1.000000 (51273 15.920000)
x_222_223: 1.000000 (51505 12.990000)
x_223_200: 1.000000 (51713 22.690000)
x_224_225: 1.000000 (51969 19.990000)
x_225_218: 1.000000 (52193 28.900000)
x_226_228: 1.000000 (52434 24.530000)
x_227_226: 1.000000 (52663 18.210000)
x_228_229: 1.000000 (52897 22.870000)
x_229_230: 1.000000 (53129 149.695000)
y_0_1: 1.000000 (53362 129.780319)
y_0_2: 1.000000 (53363 130.509770)
y_0_9: 1.000000 (53370 87.672227)
y_0_12: 1.000000 (53373 112.825499)
y_0_15: 1.000000 (53376 127.416075)
y_0_22: 1.000000 (53383 115.590538)
y_0_25: 1.000000 (53386 111.439941)
y_0_28: 1.000000 (53389 166.353180)
y_0_29: 1.000000 (53390 207.572201)
y_0_30: 1.000000 (53391 167.333096)
y_0_33: 1.000000 (53394 161.685272)
y_0_34: 1.000000 (53395 162.555420)
y_0_35: 1.000000 (53396 147.428597)
y_0_36: 1.000000 (53397 141.046245)
y_0_37: 1.000000 (53398 143.949954)
y_0_38: 1.000000 (53399 182.867775)
y_0_42: 1.000000 (53403 274.910092)
y_0_51: 1.000000 (53412 79.516014)
y_0_52: 1.000000 (53413 73.457844)
y_0_53: 1.000000 (53414 83.105004)
y_0_67: 1.000000 (53428 79.579284)
y_0_70: 1.000000 (53431 85.379626)
y_0_71: 1.000000 (53432 82.179794)
y_0_74: 1.000000 (53435 115.887482)
y_0_75: 1.000000 (53436 110.499300)
y_0_84: 1.000000 (53445 103.488402)
y_0_85: 1.000000 (53446 108.175125)
y_0_91: 1.000000 (53452 116.868715)
y_0_95: 1.000000 (53456 142.387906)
y_0_123: 1.000000 (53484 156.247258)
y_0_152: 1.000000 (53513 218.284432)
y_0_153: 1.000000 (53514 226.438589)
y_0_154: 1.000000 (53515 232.322235)
y_0_155: 1.000000 (53516 237.767565)
y_0_167: 1.000000 (53528 209.356730)
y_0_199: 1.000000 (53560 253.287594)