Solution: 70328.000000
x_0_70: 1.000000 (70 1966.500000)
x_2_15: 1.000000 (323 803.000000)
x_3_14: 1.000000 (476 800.000000)
x_5_13: 1.000000 (783 1093.000000)
x_13_27: 1.000000 (2029 307.000000)
x_14_153: 1.000000 (2309 4733.500000)
x_15_3: 1.000000 (2313 1093.000000)
x_16_2: 1.000000 (2466 850.000000)
x_24_25: 1.000000 (3721 212.000000)
x_25_26: 1.000000 (3876 110.000000)
x_26_5: 1.000000 (4009 782.000000)
x_27_28: 1.000000 (4186 330.000000)
x_28_38: 1.000000 (4350 370.000000)
x_29_30: 1.000000 (4496 212.000000)
x_30_31: 1.000000 (4651 110.000000)
x_31_32: 1.000000 (4806 1132.000000)
x_32_33: 1.000000 (4961 330.000000)
x_33_37: 1.000000 (5119 370.000000)
x_34_35: 1.000000 (5271 286.000000)
x_35_36: 1.000000 (5426 110.000000)
x_36_16: 1.000000 (5560 476.000000)
x_37_34: 1.000000 (5732 850.000000)
x_38_29: 1.000000 (5881 850.000000)
x_41_42: 1.000000 (6356 713.000000)
x_42_58: 1.000000 (6526 151.000000)
x_43_24: 1.000000 (6646 5805.000000)
x_47_48: 1.000000 (7286 713.000000)
x_48_49: 1.000000 (7441 151.000000)
x_49_50: 1.000000 (7596 128.000000)
x_50_76: 1.000000 (7776 96.000000)
x_51_47: 1.000000 (7901 357.000000)
x_53_72: 1.000000 (8234 96.000000)
x_55_56: 1.000000 (8526 128.000000)
x_56_68: 1.000000 (8692 96.000000)
x_57_43: 1.000000 (8821 357.000000)
x_58_59: 1.000000 (8991 128.000000)
x_59_64: 1.000000 (9150 96.000000)
x_60_41: 1.000000 (9281 357.000000)
x_61_60: 1.000000 (9454 150.000000)
x_62_61: 1.000000 (9609 250.000000)
x_63_62: 1.000000 (9764 150.000000)
x_64_87: 1.000000 (9943 1624.000000)
x_65_57: 1.000000 (10067 150.000000)
x_66_65: 1.000000 (10229 250.000000)
x_67_66: 1.000000 (10384 150.000000)
x_68_67: 1.000000 (10539 81.000000)
x_70_53: 1.000000 (10833 321.000000)
x_71_79: 1.000000 (11013 600.000000)
x_72_71: 1.000000 (11159 81.000000)
x_73_51: 1.000000 (11293 150.000000)
x_74_75: 1.000000 (11471 150.000000)
x_75_77: 1.000000 (11627 750.000000)
x_76_74: 1.000000 (11778 81.000000)
x_77_92: 1.000000 (11950 800.000000)
x_78_73: 1.000000 (12085 1400.000000)
x_79_91: 1.000000 (12257 1093.000000)
x_80_81: 1.000000 (12401 1400.000000)
x_81_55: 1.000000 (12529 849.000000)
x_83_63: 1.000000 (12845 600.000000)
x_84_83: 1.000000 (13019 1150.000000)
x_85_84: 1.000000 (13174 803.000000)
x_86_107: 1.000000 (13351 300.000000)
x_87_104: 1.000000 (13502 307.000000)
x_91_96: 1.000000 (14110 307.000000)
x_92_95: 1.000000 (14263 300.000000)
x_93_124: 1.000000 (14446 6070.000000)
x_94_93: 1.000000 (14569 110.000000)
x_95_94: 1.000000 (14724 212.000000)
x_96_115: 1.000000 (14899 330.000000)
x_100_113: 1.000000 (15513 330.000000)
x_101_100: 1.000000 (15654 1132.000000)
x_102_101: 1.000000 (15809 110.000000)
x_103_102: 1.000000 (15964 212.000000)
x_104_111: 1.000000 (16127 330.000000)
x_105_106: 1.000000 (16276 110.000000)
x_106_86: 1.000000 (16410 476.000000)
x_107_110: 1.000000 (16588 850.000000)
x_108_85: 1.000000 (16717 307.000000)
x_109_108: 1.000000 (16894 330.000000)
x_110_109: 1.000000 (17049 370.000000)
x_111_112: 1.000000 (17206 370.000000)
x_112_103: 1.000000 (17351 850.000000)
x_113_114: 1.000000 (17516 370.000000)
x_114_80: 1.000000 (17636 750.000000)
x_115_116: 1.000000 (17826 370.000000)
x_116_78: 1.000000 (17942 750.000000)
x_117_140: 1.000000 (18158 357.000000)
x_118_137: 1.000000 (18309 151.000000)
x_119_118: 1.000000 (18444 1845.000000)
x_120_134: 1.000000 (18614 279.000000)
x_121_133: 1.000000 (18767 1996.000000)
x_122_129: 1.000000 (18917 151.000000)
x_123_122: 1.000000 (19064 1845.000000)
x_124_125: 1.000000 (19221 151.000000)
x_125_126: 1.000000 (19376 128.000000)
x_126_152: 1.000000 (19556 96.000000)
x_127_128: 1.000000 (19686 150.000000)
x_128_123: 1.000000 (19835 357.000000)
x_129_130: 1.000000 (19996 128.000000)
x_130_149: 1.000000 (20169 96.000000)
x_131_132: 1.000000 (20306 150.000000)
x_132_121: 1.000000 (20449 357.000000)
x_133_120: 1.000000 (20602 151.000000)
x_134_146: 1.000000 (20782 96.000000)
x_135_136: 1.000000 (20926 150.000000)
x_136_119: 1.000000 (21063 357.000000)
x_137_138: 1.000000 (21236 128.000000)
x_138_143: 1.000000 (21395 96.000000)
x_139_117: 1.000000 (21523 507.000000)
x_140_105: 1.000000 (21665 6168.000000)
x_141_139: 1.000000 (21853 250.000000)
x_142_141: 1.000000 (22009 150.000000)
x_143_142: 1.000000 (22164 81.000000)
x_144_135: 1.000000 (22311 250.000000)
x_145_144: 1.000000 (22474 150.000000)
x_146_145: 1.000000 (22629 81.000000)
x_147_131: 1.000000 (22769 250.000000)
x_148_147: 1.000000 (22939 150.000000)
x_149_148: 1.000000 (23094 81.000000)
x_150_151: 1.000000 (23251 150.000000)
x_151_127: 1.000000 (23381 250.000000)
x_152_150: 1.000000 (23558 81.000000)
y_0_1: 1.000000 (23717 11130.147753)
y_0_4: 1.000000 (23720 9665.494762)
y_0_6: 1.000000 (23722 11669.626772)
y_0_7: 1.000000 (23723 13482.410356)
y_0_8: 1.000000 (23724 15197.321771)
y_0_9: 1.000000 (23725 15788.513071)
y_0_10: 1.000000 (23726 13953.594125)
y_0_11: 1.000000 (23727 11965.648541)
y_0_12: 1.000000 (23728 10590.769047)
y_0_17: 1.000000 (23733 15428.197853)
y_0_18: 1.000000 (23734 14962.675195)
y_0_19: 1.000000 (23735 13565.253002)
y_0_20: 1.000000 (23736 13125.634956)
y_0_21: 1.000000 (23737 13287.540668)
y_0_22: 1.000000 (23738 11512.640401)
y_0_23: 1.000000 (23739 11048.314306)
y_0_39: 1.000000 (23755 10551.629685)
y_0_40: 1.000000 (23756 14374.466564)
y_0_44: 1.000000 (23760 5179.773837)
y_0_45: 1.000000 (23761 3024.176747)
y_0_46: 1.000000 (23762 3103.684423)
y_0_52: 1.000000 (23768 3321.768354)
y_0_54: 1.000000 (23770 3437.424763)
y_0_69: 1.000000 (23785 3526.200363)
y_0_82: 1.000000 (23798 8261.669868)
y_0_88: 1.000000 (23804 7651.103777)
y_0_89: 1.000000 (23805 5946.170616)
y_0_90: 1.000000 (23806 5293.485525)
y_0_97: 1.000000 (23813 5845.245333)
y_0_98: 1.000000 (23814 5789.001382)
y_0_99: 1.000000 (23815 5838.175143)