Solution: 77316.000000
x_0_31: 1.000000 (31 4309.500000)
x_1_16: 1.000000 (170 800.000000)
x_2_3: 1.000000 (311 1400.000000)
x_3_4: 1.000000 (466 1150.000000)
x_4_38: 1.000000 (654 750.000000)
x_5_6: 1.000000 (776 1150.000000)
x_6_11: 1.000000 (935 803.000000)
x_7_10: 1.000000 (1088 800.000000)
x_8_9: 1.000000 (1241 803.000000)
x_9_17: 1.000000 (1403 307.000000)
x_10_8: 1.000000 (1548 850.000000)
x_11_7: 1.000000 (1701 1093.000000)
x_13_5: 1.000000 (2007 1093.000000)
x_14_15: 1.000000 (2171 1397.000000)
x_15_32: 1.000000 (2342 307.000000)
x_16_2: 1.000000 (2466 850.000000)
x_17_18: 1.000000 (2636 330.000000)
x_18_40: 1.000000 (2812 370.000000)
x_19_21: 1.000000 (2947 212.000000)
x_20_22: 1.000000 (3102 1132.000000)
x_21_20: 1.000000 (3254 110.000000)
x_22_23: 1.000000 (3411 330.000000)
x_23_39: 1.000000 (3581 370.000000)
x_24_25: 1.000000 (3721 212.000000)
x_25_26: 1.000000 (3876 110.000000)
x_26_44: 1.000000 (4048 6070.000000)
x_27_13: 1.000000 (4171 307.000000)
x_28_27: 1.000000 (4339 330.000000)
x_29_14: 1.000000 (4480 300.000000)
x_30_29: 1.000000 (4649 212.000000)
x_31_30: 1.000000 (4804 110.000000)
x_32_33: 1.000000 (4961 330.000000)
x_33_37: 1.000000 (5119 370.000000)
x_34_36: 1.000000 (5272 212.000000)
x_35_1: 1.000000 (5391 782.000000)
x_36_35: 1.000000 (5579 110.000000)
x_37_34: 1.000000 (5732 850.000000)
x_38_28: 1.000000 (5880 370.000000)
x_39_24: 1.000000 (6030 850.000000)
x_40_19: 1.000000 (6179 850.000000)
x_42_58: 1.000000 (6526 151.000000)
x_44_55: 1.000000 (6831 151.000000)
x_45_153: 1.000000 (7083 1763.500000)
x_48_50: 1.000000 (7442 279.000000)
x_49_48: 1.000000 (7594 151.000000)
x_50_74: 1.000000 (7774 171.000000)
x_51_78: 1.000000 (7932 1350.000000)
x_54_45: 1.000000 (8361 357.000000)
x_55_56: 1.000000 (8526 128.000000)
x_56_68: 1.000000 (8692 96.000000)
x_57_42: 1.000000 (8820 2194.000000)
x_58_59: 1.000000 (8991 128.000000)
x_59_64: 1.000000 (9150 96.000000)
x_60_84: 1.000000 (9324 1350.000000)
x_61_60: 1.000000 (9454 150.000000)
x_62_61: 1.000000 (9609 250.000000)
x_63_62: 1.000000 (9764 150.000000)
x_64_63: 1.000000 (9919 81.000000)
x_65_57: 1.000000 (10067 150.000000)
x_66_65: 1.000000 (10229 250.000000)
x_67_66: 1.000000 (10384 150.000000)
x_68_67: 1.000000 (10539 81.000000)
x_69_54: 1.000000 (10680 150.000000)
x_70_69: 1.000000 (10849 250.000000)
x_71_70: 1.000000 (11004 150.000000)
x_73_51: 1.000000 (11293 150.000000)
x_74_75: 1.000000 (11471 150.000000)
x_75_73: 1.000000 (11623 250.000000)
x_76_49: 1.000000 (11753 218.000000)
x_77_76: 1.000000 (11934 631.000000)
x_78_116: 1.000000 (12128 750.000000)
x_79_71: 1.000000 (12237 600.000000)
x_80_90: 1.000000 (12410 850.000000)
x_84_85: 1.000000 (13021 803.000000)
x_85_108: 1.000000 (13198 307.000000)
x_89_80: 1.000000 (13786 803.000000)
x_90_79: 1.000000 (13939 800.000000)
x_92_77: 1.000000 (14245 800.000000)
x_93_94: 1.000000 (14416 110.000000)
x_94_95: 1.000000 (14571 212.000000)
x_95_92: 1.000000 (14722 300.000000)
x_96_97: 1.000000 (14881 1132.000000)
x_97_98: 1.000000 (15036 110.000000)
x_98_99: 1.000000 (15191 212.000000)
x_99_114: 1.000000 (15360 850.000000)
x_100_89: 1.000000 (15489 307.000000)
x_105_117: 1.000000 (16287 6073.000000)
x_106_105: 1.000000 (16429 110.000000)
x_107_106: 1.000000 (16584 212.000000)
x_108_109: 1.000000 (16741 330.000000)
x_109_110: 1.000000 (16896 370.000000)
x_110_107: 1.000000 (17047 850.000000)
x_113_100: 1.000000 (17502 330.000000)
x_114_113: 1.000000 (17669 370.000000)
x_115_96: 1.000000 (17806 330.000000)
x_116_115: 1.000000 (17979 370.000000)
x_117_140: 1.000000 (18158 357.000000)
x_118_119: 1.000000 (18291 1845.000000)
x_119_136: 1.000000 (18462 357.000000)
x_120_121: 1.000000 (18601 1845.000000)
x_121_132: 1.000000 (18766 357.000000)
x_122_123: 1.000000 (18911 1845.000000)
x_123_128: 1.000000 (19070 357.000000)
x_124_93: 1.000000 (19189 6070.000000)
x_125_124: 1.000000 (19374 151.000000)
x_126_125: 1.000000 (19529 128.000000)
x_127_151: 1.000000 (19709 250.000000)
x_128_127: 1.000000 (19839 150.000000)
x_129_122: 1.000000 (19988 151.000000)
x_130_129: 1.000000 (20149 128.000000)
x_131_147: 1.000000 (20321 250.000000)
x_132_131: 1.000000 (20459 150.000000)
x_133_120: 1.000000 (20602 151.000000)
x_134_133: 1.000000 (20769 128.000000)
x_135_144: 1.000000 (20934 250.000000)
x_136_135: 1.000000 (21079 150.000000)
x_137_118: 1.000000 (21216 151.000000)
x_138_137: 1.000000 (21389 128.000000)
x_139_141: 1.000000 (21547 250.000000)
x_140_139: 1.000000 (21699 150.000000)
x_141_142: 1.000000 (21856 150.000000)
x_142_143: 1.000000 (22011 81.000000)
x_143_138: 1.000000 (22160 96.000000)
x_144_145: 1.000000 (22321 150.000000)
x_145_146: 1.000000 (22476 81.000000)
x_146_134: 1.000000 (22618 96.000000)
x_147_148: 1.000000 (22786 150.000000)
x_148_149: 1.000000 (22941 81.000000)
x_149_130: 1.000000 (23076 96.000000)
x_150_152: 1.000000 (23252 81.000000)
x_151_150: 1.000000 (23404 150.000000)
x_152_126: 1.000000 (23534 96.000000)
y_0_12: 1.000000 (23728 10590.769047)
y_0_41: 1.000000 (23757 11157.385222)
y_0_43: 1.000000 (23759 6387.992251)
y_0_46: 1.000000 (23762 3103.684423)
y_0_47: 1.000000 (23763 5431.836246)
y_0_52: 1.000000 (23768 3321.768354)
y_0_53: 1.000000 (23769 3508.537160)
y_0_72: 1.000000 (23788 3691.657216)
y_0_81: 1.000000 (23797 6521.655388)
y_0_82: 1.000000 (23798 8261.669868)
y_0_83: 1.000000 (23799 10670.069775)
y_0_86: 1.000000 (23802 11877.617143)
y_0_87: 1.000000 (23803 9457.131965)
y_0_88: 1.000000 (23804 7651.103777)
y_0_91: 1.000000 (23807 5770.315849)
y_0_101: 1.000000 (23817 7650.130260)
y_0_102: 1.000000 (23818 7717.728746)
y_0_103: 1.000000 (23819 8005.790967)
y_0_104: 1.000000 (23820 9728.611874)
y_0_111: 1.000000 (23827 9630.693070)
y_0_112: 1.000000 (23828 9213.136762)