Solution: 1675.820000
x_0_52: 1.000000 (52 51.935000)
x_3_13: 1.000000 (706 17.200000)
x_4_3: 1.000000 (927 6.000000)
x_5_4: 1.000000 (1159 3.070000)
x_6_5: 1.000000 (1391 5.900000)
x_7_6: 1.000000 (1623 4.910000)
x_8_7: 1.000000 (1855 3.020000)
x_10_8: 1.000000 (2318 6.250000)
x_13_14: 1.000000 (3017 5.830000)
x_14_26: 1.000000 (3260 9.620000)
x_16_17: 1.000000 (3713 4.350000)
x_17_10: 1.000000 (3937 6.100000)
x_19_20: 1.000000 (4409 8.880000)
x_20_16: 1.000000 (4636 4.580000)
x_23_56: 1.000000 (5369 5.200000)
x_24_23: 1.000000 (5567 1.510000)
x_26_27: 1.000000 (6033 5.700000)
x_27_32: 1.000000 (6269 32.640000)
x_32_39: 1.000000 (7431 15.550000)
x_39_41: 1.000000 (9050 9.230000)
x_41_46: 1.000000 (9517 15.880000)
x_43_44: 1.000000 (9977 30.340000)
x_44_49: 1.000000 (10213 22.400000)
x_45_43: 1.000000 (10438 31.920000)
x_46_184: 1.000000 (10810 5.630000)
x_47_45: 1.000000 (10902 22.450000)
x_48_47: 1.000000 (11135 4.040000)
x_49_189: 1.000000 (11508 9.500000)
x_50_48: 1.000000 (11598 8.670000)
x_51_19: 1.000000 (11800 8.090000)
x_52_51: 1.000000 (12063 4.250000)
x_54_58: 1.000000 (12532 1.540000)
x_55_54: 1.000000 (12759 2.740000)
x_56_55: 1.000000 (12991 4.250000)
x_58_59: 1.000000 (13457 2.810000)
x_59_60: 1.000000 (13689 2.350000)
x_60_61: 1.000000 (13921 1.390000)
x_61_62: 1.000000 (14153 1.110000)
x_62_64: 1.000000 (14386 1.330000)
x_63_66: 1.000000 (14619 0.530000)
x_64_65: 1.000000 (14849 1.000000)
x_65_63: 1.000000 (15078 1.570000)
x_66_224: 1.000000 (15470 202.930000)
x_75_76: 1.000000 (17401 3.870000)
x_76_77: 1.000000 (17633 1.930000)
x_77_79: 1.000000 (17866 5.830000)
x_79_88: 1.000000 (18337 1.570000)
x_80_87: 1.000000 (18567 4.320000)
x_81_82: 1.000000 (18793 2.100000)
x_82_83: 1.000000 (19025 2.120000)
x_83_24: 1.000000 (19197 5.130000)
x_87_81: 1.000000 (20178 3.770000)
x_88_80: 1.000000 (20408 0.790000)
x_91_75: 1.000000 (21096 6.860000)
x_92_91: 1.000000 (21343 8.320000)
x_93_92: 1.000000 (21575 4.740000)
x_95_93: 1.000000 (22038 7.110000)
x_96_95: 1.000000 (22271 4.870000)
x_97_98: 1.000000 (22505 1.230000)
x_98_96: 1.000000 (22734 2.120000)
x_99_106: 1.000000 (22975 5.670000)
x_100_99: 1.000000 (23199 4.300000)
x_101_100: 1.000000 (23431 4.220000)
x_102_101: 1.000000 (23663 2.500000)
x_103_102: 1.000000 (23895 1.890000)
x_104_97: 1.000000 (24121 5.000000)
x_105_104: 1.000000 (24359 2.680000)
x_106_107: 1.000000 (24593 2.850000)
x_107_105: 1.000000 (24822 3.490000)
x_108_113: 1.000000 (25061 6.340000)
x_109_108: 1.000000 (25287 3.870000)
x_110_109: 1.000000 (25519 2.230000)
x_112_103: 1.000000 (25975 6.840000)
x_113_116: 1.000000 (26219 4.630000)
x_115_112: 1.000000 (26677 4.570000)
x_116_120: 1.000000 (26916 6.060000)
x_118_115: 1.000000 (27373 5.970000)
x_119_118: 1.000000 (27607 4.870000)
x_120_121: 1.000000 (27841 4.320000)
x_121_122: 1.000000 (28073 1.270000)
x_122_119: 1.000000 (28301 3.750000)
x_124_110: 1.000000 (28754 2.190000)
x_125_124: 1.000000 (28999 4.350000)
x_126_166: 1.000000 (29272 6.810000)
x_127_126: 1.000000 (29463 2.480000)
x_128_127: 1.000000 (29695 4.750000)
x_129_128: 1.000000 (29927 5.580000)
x_130_129: 1.000000 (30159 4.490000)
x_131_130: 1.000000 (30391 4.540000)
x_132_131: 1.000000 (30623 2.220000)
x_134_132: 1.000000 (31086 6.300000)
x_135_134: 1.000000 (31319 1.010000)
x_136_135: 1.000000 (31551 7.320000)
x_137_136: 1.000000 (31783 2.730000)
x_138_137: 1.000000 (32015 6.360000)
x_139_138: 1.000000 (32247 8.310000)
x_140_142: 1.000000 (32482 3.270000)
x_141_143: 1.000000 (32714 5.040000)
x_142_139: 1.000000 (32941 3.700000)
x_143_140: 1.000000 (33173 4.880000)
x_144_141: 1.000000 (33405 4.660000)
x_145_144: 1.000000 (33639 5.580000)
x_146_145: 1.000000 (33871 1.320000)
x_147_146: 1.000000 (34103 3.800000)
x_148_147: 1.000000 (34335 2.560000)
x_149_148: 1.000000 (34567 3.920000)
x_150_155: 1.000000 (34805 9.140000)
x_151_149: 1.000000 (35030 5.970000)
x_154_151: 1.000000 (35725 5.640000)
x_155_154: 1.000000 (35959 6.920000)
x_156_157: 1.000000 (36193 8.330000)
x_157_158: 1.000000 (36425 6.300000)
x_158_201: 1.000000 (36699 11.050000)
x_159_156: 1.000000 (36885 6.600000)
x_160_159: 1.000000 (37119 4.960000)
x_161_160: 1.000000 (37351 1.440000)
x_162_161: 1.000000 (37583 5.270000)
x_163_164: 1.000000 (37817 6.290000)
x_164_162: 1.000000 (38046 8.860000)
x_165_173: 1.000000 (38288 3.160000)
x_166_125: 1.000000 (38471 3.820000)
x_167_169: 1.000000 (38746 6.270000)
x_168_167: 1.000000 (38975 6.990000)
x_169_170: 1.000000 (39209 3.300000)
x_170_174: 1.000000 (39444 8.800000)
x_172_163: 1.000000 (39895 1.820000)
x_173_172: 1.000000 (40135 9.010000)
x_174_175: 1.000000 (40369 5.970000)
x_175_176: 1.000000 (40601 3.700000)
x_176_165: 1.000000 (40821 6.130000)
x_177_168: 1.000000 (41055 5.200000)
x_178_180: 1.000000 (41298 6.090000)
x_179_177: 1.000000 (41526 4.160000)
x_180_181: 1.000000 (41761 1.340000)
x_181_179: 1.000000 (41990 5.950000)
x_182_178: 1.000000 (42220 3.630000)
x_183_182: 1.000000 (42455 4.870000)
x_184_50: 1.000000 (42554 7.500000)
x_185_183: 1.000000 (42918 4.650000)
x_186_185: 1.000000 (43151 2.810000)
x_187_186: 1.000000 (43383 4.720000)
x_189_190: 1.000000 (43849 1.740000)
x_190_191: 1.000000 (44081 3.800000)
x_191_193: 1.000000 (44314 3.990000)
x_192_194: 1.000000 (44546 1.200000)
x_193_192: 1.000000 (44775 1.400000)
x_194_195: 1.000000 (45009 0.750000)
x_195_196: 1.000000 (45241 3.190000)
x_196_198: 1.000000 (45474 4.820000)
x_197_187: 1.000000 (45694 3.100000)
x_198_197: 1.000000 (45935 1.900000)
x_200_223: 1.000000 (46423 22.690000)
x_201_200: 1.000000 (46631 19.650000)
x_202_203: 1.000000 (46865 10.200000)
x_203_211: 1.000000 (47104 10.480000)
x_204_150: 1.000000 (47274 9.330000)
x_205_212: 1.000000 (47567 26.170000)
x_206_205: 1.000000 (47791 25.840000)
x_207_206: 1.000000 (48023 9.170000)
x_208_207: 1.000000 (48255 7.650000)
x_209_210: 1.000000 (48489 8.130000)
x_210_220: 1.000000 (48730 18.370000)
x_211_209: 1.000000 (48950 19.010000)
x_212_204: 1.000000 (49176 14.170000)
x_213_208: 1.000000 (49411 26.100000)
x_214_213: 1.000000 (49647 4.280000)
x_215_214: 1.000000 (49879 4.230000)
x_216_215: 1.000000 (50111 4.670000)
x_217_227: 1.000000 (50354 29.540000)
x_218_217: 1.000000 (50575 11.620000)
x_219_216: 1.000000 (50805 22.230000)
x_220_219: 1.000000 (51039 16.060000)
x_221_202: 1.000000 (51253 12.590000)
x_222_221: 1.000000 (51503 15.920000)
x_223_222: 1.000000 (51735 12.990000)
x_224_225: 1.000000 (51969 19.990000)
x_225_218: 1.000000 (52193 28.900000)
x_226_228: 1.000000 (52434 24.530000)
x_227_226: 1.000000 (52663 18.210000)
x_228_229: 1.000000 (52897 22.870000)
x_229_230: 1.000000 (53129 149.695000)
y_0_1: 1.000000 (53362 129.780319)
y_0_2: 1.000000 (53363 130.509770)
y_0_9: 1.000000 (53370 87.672227)
y_0_11: 1.000000 (53372 89.886133)
y_0_12: 1.000000 (53373 112.825499)
y_0_15: 1.000000 (53376 127.416075)
y_0_18: 1.000000 (53379 98.342168)
y_0_21: 1.000000 (53382 112.455666)
y_0_22: 1.000000 (53383 115.590538)
y_0_25: 1.000000 (53386 111.439941)
y_0_28: 1.000000 (53389 166.353180)
y_0_29: 1.000000 (53390 207.572201)
y_0_30: 1.000000 (53391 167.333096)
y_0_31: 1.000000 (53392 183.554707)
y_0_33: 1.000000 (53394 161.685272)
y_0_34: 1.000000 (53395 162.555420)
y_0_35: 1.000000 (53396 147.428597)
y_0_36: 1.000000 (53397 141.046245)
y_0_37: 1.000000 (53398 143.949954)
y_0_38: 1.000000 (53399 182.867775)
y_0_40: 1.000000 (53401 221.746299)
y_0_42: 1.000000 (53403 274.910092)
y_0_53: 1.000000 (53414 83.105004)
y_0_57: 1.000000 (53418 92.715365)
y_0_67: 1.000000 (53428 79.579284)
y_0_68: 1.000000 (53429 77.456301)
y_0_69: 1.000000 (53430 78.159594)
y_0_70: 1.000000 (53431 85.379626)
y_0_71: 1.000000 (53432 82.179794)
y_0_72: 1.000000 (53433 87.118543)
y_0_73: 1.000000 (53434 95.159353)
y_0_74: 1.000000 (53435 115.887482)
y_0_78: 1.000000 (53439 93.169090)
y_0_84: 1.000000 (53445 103.488402)
y_0_85: 1.000000 (53446 108.175125)
y_0_86: 1.000000 (53447 109.993938)
y_0_89: 1.000000 (53450 107.782147)
y_0_90: 1.000000 (53451 107.387530)
y_0_94: 1.000000 (53455 133.290969)
y_0_111: 1.000000 (53472 174.572844)
y_0_114: 1.000000 (53475 168.720548)
y_0_117: 1.000000 (53478 163.611059)
y_0_123: 1.000000 (53484 156.247258)
y_0_133: 1.000000 (53494 208.699166)
y_0_152: 1.000000 (53513 218.284432)
y_0_153: 1.000000 (53514 226.438589)
y_0_171: 1.000000 (53532 203.393228)
y_0_188: 1.000000 (53549 286.171572)
y_0_199: 1.000000 (53560 253.287594)
