Solution: 1911.580000
x_0_225: 1.000000 (225 64.960000)
x_3_4: 1.000000 (697 6.000000)
x_4_5: 1.000000 (929 3.070000)
x_5_6: 1.000000 (1161 5.900000)
x_6_7: 1.000000 (1393 4.910000)
x_7_8: 1.000000 (1625 3.020000)
x_8_9: 1.000000 (1857 7.380000)
x_9_10: 1.000000 (2089 7.070000)
x_10_17: 1.000000 (2327 6.100000)
x_11_51: 1.000000 (2592 7.130000)
x_12_13: 1.000000 (2785 7.400000)
x_13_3: 1.000000 (3006 17.200000)
x_14_15: 1.000000 (3249 3.340000)
x_15_22: 1.000000 (3487 8.970000)
x_16_12: 1.000000 (3708 5.800000)
x_17_18: 1.000000 (3945 3.290000)
x_18_19: 1.000000 (4177 5.180000)
x_19_11: 1.000000 (4400 4.800000)
x_20_16: 1.000000 (4636 4.580000)
x_21_20: 1.000000 (4871 6.130000)
x_22_25: 1.000000 (5107 7.460000)
x_23_21: 1.000000 (5334 7.250000)
x_24_23: 1.000000 (5567 1.510000)
x_25_84: 1.000000 (5859 5.510000)
x_26_14: 1.000000 (6020 9.620000)
x_27_26: 1.000000 (6263 5.700000)
x_30_31: 1.000000 (6961 9.330000)
x_31_32: 1.000000 (7193 10.940000)
x_32_27: 1.000000 (7419 32.640000)
x_33_30: 1.000000 (7653 5.640000)
x_34_33: 1.000000 (7887 9.820000)
x_35_34: 1.000000 (8119 9.340000)
x_36_35: 1.000000 (8351 4.500000)
x_37_36: 1.000000 (8583 3.050000)
x_39_41: 1.000000 (9050 9.230000)
x_40_39: 1.000000 (9279 6.940000)
x_41_42: 1.000000 (9513 26.290000)
x_42_46: 1.000000 (9748 14.130000)
x_43_45: 1.000000 (9978 31.920000)
x_44_43: 1.000000 (10207 30.340000)
x_45_49: 1.000000 (10444 20.820000)
x_46_184: 1.000000 (10810 5.630000)
x_47_48: 1.000000 (10905 4.040000)
x_48_44: 1.000000 (11132 28.070000)
x_49_188: 1.000000 (11507 4.760000)
x_50_47: 1.000000 (11597 12.710000)
x_51_52: 1.000000 (11833 4.250000)
x_52_226: 1.000000 (12238 213.790000)
x_54_55: 1.000000 (12529 2.740000)
x_55_59: 1.000000 (12764 3.410000)
x_56_24: 1.000000 (12960 3.690000)
x_57_56: 1.000000 (13223 3.030000)
x_58_54: 1.000000 (13452 1.540000)
x_59_60: 1.000000 (13689 2.350000)
x_60_61: 1.000000 (13921 1.390000)
x_61_62: 1.000000 (14153 1.110000)
x_62_65: 1.000000 (14387 2.330000)
x_63_66: 1.000000 (14619 0.530000)
x_64_63: 1.000000 (14847 1.490000)
x_65_64: 1.000000 (15079 1.000000)
x_66_67: 1.000000 (15313 11.400000)
x_67_69: 1.000000 (15546 3.140000)
x_68_71: 1.000000 (15779 10.270000)
x_69_68: 1.000000 (16007 0.400000)
x_70_72: 1.000000 (16242 3.780000)
x_71_70: 1.000000 (16471 2.300000)
x_72_73: 1.000000 (16705 5.830000)
x_73_76: 1.000000 (16939 13.090000)
x_74_91: 1.000000 (17185 8.100000)
x_75_74: 1.000000 (17399 4.980000)
x_76_75: 1.000000 (17631 3.870000)
x_77_78: 1.000000 (17865 5.670000)
x_78_79: 1.000000 (18097 5.980000)
x_79_88: 1.000000 (18337 1.570000)
x_80_87: 1.000000 (18567 4.320000)
x_81_82: 1.000000 (18793 2.100000)
x_82_83: 1.000000 (19025 2.120000)
x_83_57: 1.000000 (19230 4.290000)
x_84_85: 1.000000 (19489 4.070000)
x_85_86: 1.000000 (19721 3.660000)
x_86_89: 1.000000 (19955 3.120000)
x_87_81: 1.000000 (20178 3.770000)
x_88_80: 1.000000 (20408 0.790000)
x_89_90: 1.000000 (20649 3.980000)
x_90_77: 1.000000 (20867 5.200000)
x_91_92: 1.000000 (21113 8.320000)
x_92_93: 1.000000 (21345 4.740000)
x_93_94: 1.000000 (21577 6.060000)
x_94_100: 1.000000 (21814 2.900000)
x_95_37: 1.000000 (21982 4.680000)
x_96_95: 1.000000 (22271 4.870000)
x_97_98: 1.000000 (22505 1.230000)
x_98_96: 1.000000 (22734 2.120000)
x_99_101: 1.000000 (22970 5.460000)
x_100_99: 1.000000 (23199 4.300000)
x_101_102: 1.000000 (23433 2.500000)
x_102_103: 1.000000 (23665 1.890000)
x_103_106: 1.000000 (23899 7.640000)
x_104_97: 1.000000 (24121 5.000000)
x_105_104: 1.000000 (24359 2.680000)
x_106_112: 1.000000 (24598 3.800000)
x_107_105: 1.000000 (24822 3.490000)
x_108_107: 1.000000 (25055 4.990000)
x_109_108: 1.000000 (25287 3.870000)
x_110_109: 1.000000 (25519 2.230000)
x_111_127: 1.000000 (25768 3.400000)
x_112_115: 1.000000 (25987 4.570000)
x_113_116: 1.000000 (26219 4.630000)
x_114_111: 1.000000 (26445 4.740000)
x_115_118: 1.000000 (26683 5.970000)
x_116_117: 1.000000 (26913 5.080000)
x_117_114: 1.000000 (27141 5.200000)
x_118_123: 1.000000 (27381 13.060000)
x_119_120: 1.000000 (27609 3.280000)
x_120_113: 1.000000 (27833 9.150000)
x_121_119: 1.000000 (28070 3.160000)
x_122_121: 1.000000 (28303 1.270000)
x_123_122: 1.000000 (28535 4.440000)
x_124_110: 1.000000 (28754 2.190000)
x_125_124: 1.000000 (28999 4.350000)
x_126_166: 1.000000 (29272 6.810000)
x_127_128: 1.000000 (29465 4.750000)
x_128_130: 1.000000 (29698 6.070000)
x_129_126: 1.000000 (29925 12.810000)
x_130_132: 1.000000 (30162 4.660000)
x_131_171: 1.000000 (30432 5.850000)
x_132_133: 1.000000 (30625 6.590000)
x_133_131: 1.000000 (30854 4.930000)
x_134_135: 1.000000 (31089 1.010000)
x_135_138: 1.000000 (31323 10.410000)
x_136_134: 1.000000 (31550 6.790000)
x_137_136: 1.000000 (31783 2.730000)
x_138_129: 1.000000 (32007 7.230000)
x_139_137: 1.000000 (32246 10.430000)
x_140_139: 1.000000 (32479 3.370000)
x_141_143: 1.000000 (32714 5.040000)
x_142_140: 1.000000 (32942 3.270000)
x_143_142: 1.000000 (33175 5.730000)
x_144_151: 1.000000 (33415 10.550000)
x_145_144: 1.000000 (33639 5.580000)
x_146_145: 1.000000 (33871 1.320000)
x_147_146: 1.000000 (34103 3.800000)
x_148_147: 1.000000 (34335 2.560000)
x_149_148: 1.000000 (34567 3.920000)
x_150_149: 1.000000 (34799 9.930000)
x_151_153: 1.000000 (35034 7.960000)
x_152_141: 1.000000 (35253 6.850000)
x_153_152: 1.000000 (35495 7.580000)
x_154_155: 1.000000 (35729 6.920000)
x_155_157: 1.000000 (35962 10.520000)
x_156_154: 1.000000 (36190 9.010000)
x_157_158: 1.000000 (36425 6.300000)
x_158_201: 1.000000 (36699 11.050000)
x_159_156: 1.000000 (36885 6.600000)
x_160_159: 1.000000 (37119 4.960000)
x_161_160: 1.000000 (37351 1.440000)
x_162_161: 1.000000 (37583 5.270000)
x_163_172: 1.000000 (37825 1.820000)
x_164_165: 1.000000 (38049 3.780000)
x_165_162: 1.000000 (38277 10.980000)
x_166_125: 1.000000 (38471 3.820000)
x_167_168: 1.000000 (38745 6.990000)
x_168_40: 1.000000 (38848 15.390000)
x_169_167: 1.000000 (39206 6.270000)
x_170_169: 1.000000 (39439 3.300000)
x_171_170: 1.000000 (39671 8.280000)
x_172_164: 1.000000 (39896 7.690000)
x_173_163: 1.000000 (40126 8.970000)
x_174_175: 1.000000 (40369 5.970000)
x_175_176: 1.000000 (40601 3.700000)
x_176_173: 1.000000 (40829 7.190000)
x_177_174: 1.000000 (41061 4.900000)
x_178_180: 1.000000 (41298 6.090000)
x_179_177: 1.000000 (41526 4.160000)
x_180_181: 1.000000 (41761 1.340000)
x_181_179: 1.000000 (41990 5.950000)
x_182_178: 1.000000 (42220 3.630000)
x_183_182: 1.000000 (42455 4.870000)
x_184_50: 1.000000 (42554 7.500000)
x_185_183: 1.000000 (42918 4.650000)
x_186_185: 1.000000 (43151 2.810000)
x_187_197: 1.000000 (43394 3.100000)
x_188_189: 1.000000 (43617 4.740000)
x_189_190: 1.000000 (43849 1.740000)
x_190_191: 1.000000 (44081 3.800000)
x_191_192: 1.000000 (44313 3.230000)
x_192_193: 1.000000 (44545 1.400000)
x_193_194: 1.000000 (44777 2.280000)
x_194_195: 1.000000 (45009 0.750000)
x_195_196: 1.000000 (45241 3.190000)
x_196_187: 1.000000 (45463 4.060000)
x_197_198: 1.000000 (45705 1.900000)
x_198_199: 1.000000 (45937 8.160000)
x_199_186: 1.000000 (46155 12.020000)
x_200_223: 1.000000 (46423 22.690000)
x_201_200: 1.000000 (46631 19.650000)
x_202_203: 1.000000 (46865 10.200000)
x_203_211: 1.000000 (47104 10.480000)
x_204_150: 1.000000 (47274 9.330000)
x_206_212: 1.000000 (47798 15.950000)
x_207_206: 1.000000 (48023 9.170000)
x_208_207: 1.000000 (48255 7.650000)
x_209_208: 1.000000 (48487 12.950000)
x_210_220: 1.000000 (48730 18.370000)
x_211_210: 1.000000 (48951 14.660000)
x_212_204: 1.000000 (49176 14.170000)
x_213_214: 1.000000 (49417 4.280000)
x_214_215: 1.000000 (49649 4.230000)
x_215_216: 1.000000 (49881 4.670000)
x_216_209: 1.000000 (50105 26.330000)
x_219_213: 1.000000 (50802 35.390000)
x_220_219: 1.000000 (51039 16.060000)
x_221_202: 1.000000 (51253 12.590000)
x_222_221: 1.000000 (51503 15.920000)
x_223_222: 1.000000 (51735 12.990000)
x_224_58: 1.000000 (51802 208.520000)
x_225_224: 1.000000 (52199 19.990000)
x_226_230: 1.000000 (52436 72.190000)
y_0_1: 1.000000 (53362 474.778091)
y_0_2: 1.000000 (53363 483.667709)
y_0_28: 1.000000 (53389 528.012402)
y_0_29: 1.000000 (53390 574.192967)
y_0_38: 1.000000 (53399 554.297757)
y_0_53: 1.000000 (53414 448.789376)
y_0_205: 1.000000 (53566 581.910186)
y_0_217: 1.000000 (53578 48.880000)
y_0_218: 1.000000 (53579 63.420489)
y_0_227: 1.000000 (53588 76.415925)
y_0_228: 1.000000 (53589 98.991596)
y_0_229: 1.000000 (53590 136.868002)
