Solution: 1827.020000
x_0_226: 1.000000 (226 161.855000)
x_1_2: 1.000000 (233 11.510000)
x_2_13: 1.000000 (475 11.820000)
x_3_1: 1.000000 (694 11.930000)
x_4_3: 1.000000 (927 6.000000)
x_5_4: 1.000000 (1159 3.070000)
x_6_7: 1.000000 (1393 4.910000)
x_7_5: 1.000000 (1622 3.290000)
x_8_9: 1.000000 (1857 7.380000)
x_9_6: 1.000000 (2085 8.630000)
x_10_8: 1.000000 (2318 6.250000)
x_11_10: 1.000000 (2551 4.110000)
x_12_17: 1.000000 (2789 6.650000)
x_13_14: 1.000000 (3017 5.830000)
x_14_15: 1.000000 (3249 3.340000)
x_15_26: 1.000000 (3491 10.940000)
x_16_12: 1.000000 (3708 5.800000)
x_17_18: 1.000000 (3945 3.290000)
x_18_19: 1.000000 (4177 5.180000)
x_19_53: 1.000000 (4442 5.600000)
x_20_16: 1.000000 (4636 4.580000)
x_21_20: 1.000000 (4871 6.130000)
x_23_21: 1.000000 (5334 7.250000)
x_24_23: 1.000000 (5567 1.510000)
x_25_24: 1.000000 (5799 5.330000)
x_26_27: 1.000000 (6033 5.700000)
x_27_30: 1.000000 (6267 14.390000)
x_30_39: 1.000000 (6969 33.800000)
x_35_95: 1.000000 (8180 6.950000)
x_36_37: 1.000000 (8353 3.050000)
x_37_35: 1.000000 (8582 3.550000)
x_39_40: 1.000000 (9049 6.940000)
x_40_41: 1.000000 (9281 11.250000)
x_41_46: 1.000000 (9517 15.880000)
x_43_223: 1.000000 (10156 65.160000)
x_44_43: 1.000000 (10207 30.340000)
x_45_44: 1.000000 (10439 14.240000)
x_46_184: 1.000000 (10810 5.630000)
x_49_45: 1.000000 (11364 20.820000)
x_50_196: 1.000000 (11746 9.570000)
x_51_11: 1.000000 (11792 7.130000)
x_52_51: 1.000000 (12063 4.250000)
x_53_52: 1.000000 (12295 6.740000)
x_54_58: 1.000000 (12532 1.540000)
x_55_54: 1.000000 (12759 2.740000)
x_56_83: 1.000000 (13019 5.260000)
x_57_56: 1.000000 (13223 3.030000)
x_58_57: 1.000000 (13455 5.500000)
x_59_55: 1.000000 (13684 3.410000)
x_60_59: 1.000000 (13919 2.350000)
x_61_64: 1.000000 (14155 1.980000)
x_62_60: 1.000000 (14382 2.040000)
x_63_62: 1.000000 (14615 2.220000)
x_64_65: 1.000000 (14849 1.000000)
x_65_66: 1.000000 (15081 1.260000)
x_66_63: 1.000000 (15309 0.530000)
x_67_68: 1.000000 (15545 3.220000)
x_68_69: 1.000000 (15777 0.400000)
x_69_70: 1.000000 (16009 10.670000)
x_70_71: 1.000000 (16241 2.300000)
x_71_73: 1.000000 (16474 6.670000)
x_72_230: 1.000000 (16862 44.165000)
x_73_72: 1.000000 (16935 5.830000)
x_75_90: 1.000000 (17415 7.040000)
x_76_78: 1.000000 (17634 5.680000)
x_77_76: 1.000000 (17863 1.930000)
x_78_67: 1.000000 (18085 7.170000)
x_79_89: 1.000000 (18338 6.990000)
x_80_88: 1.000000 (18568 0.790000)
x_81_87: 1.000000 (18798 3.770000)
x_82_81: 1.000000 (19023 2.100000)
x_83_82: 1.000000 (19255 2.120000)
x_84_25: 1.000000 (19429 5.510000)
x_85_84: 1.000000 (19719 4.070000)
x_86_85: 1.000000 (19951 3.660000)
x_87_80: 1.000000 (20177 4.320000)
x_88_79: 1.000000 (20407 1.570000)
x_89_86: 1.000000 (20645 3.120000)
x_90_77: 1.000000 (20867 5.200000)
x_93_75: 1.000000 (21558 15.960000)
x_94_36: 1.000000 (21750 9.260000)
x_95_93: 1.000000 (22038 7.110000)
x_96_99: 1.000000 (22275 5.000000)
x_97_98: 1.000000 (22505 1.230000)
x_98_96: 1.000000 (22734 2.120000)
x_99_101: 1.000000 (22970 5.460000)
x_100_94: 1.000000 (23194 2.900000)
x_101_102: 1.000000 (23433 2.500000)
x_102_103: 1.000000 (23665 1.890000)
x_103_100: 1.000000 (23893 5.630000)
x_104_97: 1.000000 (24121 5.000000)
x_105_104: 1.000000 (24359 2.680000)
x_106_107: 1.000000 (24593 2.850000)
x_107_105: 1.000000 (24822 3.490000)
x_108_113: 1.000000 (25061 6.340000)
x_109_108: 1.000000 (25287 3.870000)
x_110_109: 1.000000 (25519 2.230000)
x_112_106: 1.000000 (25978 3.800000)
x_113_116: 1.000000 (26219 4.630000)
x_115_112: 1.000000 (26677 4.570000)
x_116_120: 1.000000 (26916 6.060000)
x_118_115: 1.000000 (27373 5.970000)
x_119_118: 1.000000 (27607 4.870000)
x_120_121: 1.000000 (27841 4.320000)
x_121_122: 1.000000 (28073 1.270000)
x_122_123: 1.000000 (28305 4.440000)
x_123_119: 1.000000 (28532 8.190000)
x_124_110: 1.000000 (28754 2.190000)
x_125_124: 1.000000 (28999 4.350000)
x_126_125: 1.000000 (29231 4.710000)
x_127_126: 1.000000 (29463 2.480000)
x_128_127: 1.000000 (29695 4.750000)
x_129_128: 1.000000 (29927 5.580000)
x_130_129: 1.000000 (30159 4.490000)
x_131_132: 1.000000 (30393 2.220000)
x_132_134: 1.000000 (30626 6.300000)
x_133_131: 1.000000 (30854 4.930000)
x_134_135: 1.000000 (31089 1.010000)
x_135_136: 1.000000 (31321 7.320000)
x_136_137: 1.000000 (31553 2.730000)
x_137_138: 1.000000 (31785 6.360000)
x_138_130: 1.000000 (32008 6.740000)
x_139_142: 1.000000 (32251 3.700000)
x_140_141: 1.000000 (32481 4.020000)
x_141_152: 1.000000 (32723 6.850000)
x_142_140: 1.000000 (32942 3.270000)
x_143_139: 1.000000 (33172 5.830000)
x_144_143: 1.000000 (33407 6.220000)
x_145_144: 1.000000 (33639 5.580000)
x_146_145: 1.000000 (33871 1.320000)
x_147_146: 1.000000 (34103 3.800000)
x_148_149: 1.000000 (34337 3.920000)
x_149_147: 1.000000 (34566 5.820000)
x_150_157: 1.000000 (34807 11.440000)
x_151_155: 1.000000 (35036 6.760000)
x_152_153: 1.000000 (35265 7.580000)
x_153_154: 1.000000 (35497 7.400000)
x_154_151: 1.000000 (35725 5.640000)
x_155_150: 1.000000 (35955 9.140000)
x_156_159: 1.000000 (36195 6.600000)
x_157_156: 1.000000 (36423 8.330000)
x_158_204: 1.000000 (36702 8.830000)
x_159_160: 1.000000 (36889 4.960000)
x_160_161: 1.000000 (37121 1.440000)
x_161_162: 1.000000 (37353 5.270000)
x_162_164: 1.000000 (37586 8.860000)
x_164_173: 1.000000 (38057 4.680000)
x_165_199: 1.000000 (38314 7.200000)
x_167_169: 1.000000 (38746 6.270000)
x_168_167: 1.000000 (38975 6.990000)
x_169_170: 1.000000 (39209 3.300000)
x_170_171: 1.000000 (39441 8.280000)
x_171_133: 1.000000 (39634 7.140000)
x_173_165: 1.000000 (40128 3.160000)
x_175_180: 1.000000 (40605 8.400000)
x_176_175: 1.000000 (40831 3.700000)
x_177_168: 1.000000 (41055 5.200000)
x_178_176: 1.000000 (41294 6.010000)
x_179_177: 1.000000 (41526 4.160000)
x_180_181: 1.000000 (41761 1.340000)
x_181_179: 1.000000 (41990 5.950000)
x_182_178: 1.000000 (42220 3.630000)
x_183_182: 1.000000 (42455 4.870000)
x_184_50: 1.000000 (42554 7.500000)
x_185_183: 1.000000 (42918 4.650000)
x_186_185: 1.000000 (43151 2.810000)
x_187_186: 1.000000 (43383 4.720000)
x_188_49: 1.000000 (43477 4.760000)
x_189_188: 1.000000 (43847 4.740000)
x_190_189: 1.000000 (44079 1.740000)
x_191_190: 1.000000 (44311 3.800000)
x_192_193: 1.000000 (44545 1.400000)
x_193_191: 1.000000 (44774 3.990000)
x_194_192: 1.000000 (45006 1.200000)
x_195_194: 1.000000 (45239 0.750000)
x_196_195: 1.000000 (45471 3.190000)
x_197_187: 1.000000 (45694 3.100000)
x_198_197: 1.000000 (45935 1.900000)
x_199_198: 1.000000 (46167 8.160000)
x_200_201: 1.000000 (46401 19.650000)
x_201_158: 1.000000 (46589 11.050000)
x_202_200: 1.000000 (46862 25.050000)
x_203_202: 1.000000 (47095 10.200000)
x_204_212: 1.000000 (47336 14.170000)
x_205_148: 1.000000 (47503 27.460000)
x_206_209: 1.000000 (47795 13.810000)
x_207_206: 1.000000 (48023 9.170000)
x_208_207: 1.000000 (48255 7.650000)
x_209_210: 1.000000 (48489 8.130000)
x_210_211: 1.000000 (48721 14.660000)
x_211_203: 1.000000 (48944 10.480000)
x_212_205: 1.000000 (49177 26.170000)
x_213_208: 1.000000 (49411 26.100000)
x_214_213: 1.000000 (49647 4.280000)
x_215_214: 1.000000 (49879 4.230000)
x_216_215: 1.000000 (50111 4.670000)
x_217_218: 1.000000 (50345 11.620000)
x_218_224: 1.000000 (50582 48.250000)
x_219_216: 1.000000 (50805 22.230000)
x_220_219: 1.000000 (51039 16.060000)
x_221_220: 1.000000 (51271 19.600000)
x_222_221: 1.000000 (51503 15.920000)
x_223_222: 1.000000 (51735 12.990000)
x_224_225: 1.000000 (51969 19.990000)
x_225_228: 1.000000 (52203 53.700000)
x_226_227: 1.000000 (52433 18.210000)
x_227_217: 1.000000 (52654 29.540000)
x_228_229: 1.000000 (52897 22.870000)
x_229_61: 1.000000 (52960 205.770000)
y_0_22: 1.000000 (53383 115.590538)
y_0_28: 1.000000 (53389 166.353180)
y_0_29: 1.000000 (53390 207.572201)
y_0_31: 1.000000 (53392 183.554707)
y_0_32: 1.000000 (53393 202.189645)
y_0_33: 1.000000 (53394 161.685272)
y_0_34: 1.000000 (53395 162.555420)
y_0_38: 1.000000 (53399 182.867775)
y_0_42: 1.000000 (53403 274.910092)
y_0_47: 1.000000 (53408 281.645715)
y_0_48: 1.000000 (53409 276.753030)
y_0_74: 1.000000 (53435 115.887482)
y_0_91: 1.000000 (53452 116.868715)
y_0_92: 1.000000 (53453 125.422448)
y_0_111: 1.000000 (53472 174.572844)
y_0_114: 1.000000 (53475 168.720548)
y_0_117: 1.000000 (53478 163.611059)
y_0_163: 1.000000 (53524 225.996323)
y_0_166: 1.000000 (53527 182.461823)
y_0_172: 1.000000 (53533 224.315246)
y_0_174: 1.000000 (53535 228.235636)