Solution: 64720.297736
x_0_30: 1.000000 (30 4257.500000)
x_3_15: 1.000000 (477 1093.000000)
x_15_32: 1.000000 (2342 307.000000)
x_16_36: 1.000000 (2500 476.000000)
x_29_31: 1.000000 (4497 286.000000)
x_30_29: 1.000000 (4649 212.000000)
x_31_3: 1.000000 (4777 782.000000)
x_32_33: 1.000000 (4961 330.000000)
x_33_37: 1.000000 (5119 370.000000)
x_34_47: 1.000000 (5283 5805.000000)
x_35_34: 1.000000 (5424 286.000000)
x_36_35: 1.000000 (5579 110.000000)
x_37_16: 1.000000 (5714 1100.000000)
x_41_42: 1.000000 (6356 713.000000)
x_42_58: 1.000000 (6526 151.000000)
x_43_44: 1.000000 (6666 713.000000)
x_44_55: 1.000000 (6831 151.000000)
x_47_51: 1.000000 (7289 357.000000)
x_48_49: 1.000000 (7441 151.000000)
x_49_76: 1.000000 (7622 218.000000)
x_50_48: 1.000000 (7748 279.000000)
x_51_73: 1.000000 (7927 150.000000)
x_54_69: 1.000000 (8385 150.000000)
x_55_56: 1.000000 (8526 128.000000)
x_56_68: 1.000000 (8692 96.000000)
x_57_43: 1.000000 (8821 357.000000)
x_58_59: 1.000000 (8991 128.000000)
x_59_64: 1.000000 (9150 96.000000)
x_60_41: 1.000000 (9281 357.000000)
x_61_60: 1.000000 (9454 150.000000)
x_62_61: 1.000000 (9609 250.000000)
x_63_83: 1.000000 (9785 600.000000)
x_64_63: 1.000000 (9919 81.000000)
x_65_57: 1.000000 (10067 150.000000)
x_66_65: 1.000000 (10229 250.000000)
x_67_81: 1.000000 (10399 600.000000)
x_68_67: 1.000000 (10539 81.000000)
x_69_153: 1.000000 (10779 1808.500000)
x_73_75: 1.000000 (11317 250.000000)
x_74_50: 1.000000 (11446 171.000000)
x_75_74: 1.000000 (11624 150.000000)
x_76_77: 1.000000 (11781 631.000000)
x_77_92: 1.000000 (11950 800.000000)
x_80_54: 1.000000 (12374 1350.000000)
x_81_89: 1.000000 (12563 1093.000000)
x_83_87: 1.000000 (12869 1093.000000)
x_84_86: 1.000000 (13022 850.000000)
x_85_84: 1.000000 (13174 803.000000)
x_86_107: 1.000000 (13351 300.000000)
x_87_104: 1.000000 (13502 307.000000)
x_89_100: 1.000000 (13806 307.000000)
x_91_96: 1.000000 (14110 307.000000)
x_92_91: 1.000000 (14259 1157.000000)
x_93_124: 1.000000 (14446 6070.000000)
x_94_93: 1.000000 (14569 110.000000)
x_95_94: 1.000000 (14724 212.000000)
x_96_115: 1.000000 (14899 330.000000)
x_100_113: 1.000000 (15513 330.000000)
x_101_66: 1.000000 (15620 1182.000000)
x_102_101: 1.000000 (15809 110.000000)
x_103_102: 1.000000 (15964 212.000000)
x_104_111: 1.000000 (16127 330.000000)
x_105_62: 1.000000 (16232 1182.000000)
x_106_105: 1.000000 (16429 110.000000)
x_107_106: 1.000000 (16584 212.000000)
x_108_85: 1.000000 (16717 307.000000)
x_109_108: 1.000000 (16894 330.000000)
x_110_109: 1.000000 (17049 370.000000)
x_111_112: 1.000000 (17206 370.000000)
x_112_103: 1.000000 (17351 850.000000)
x_113_114: 1.000000 (17516 370.000000)
x_114_80: 1.000000 (17636 750.000000)
x_115_116: 1.000000 (17826 370.000000)
x_116_95: 1.000000 (17959 850.000000)
x_117_110: 1.000000 (18128 6093.000000)
x_118_137: 1.000000 (18309 151.000000)
x_119_118: 1.000000 (18444 1845.000000)
x_120_133: 1.000000 (18613 151.000000)
x_121_120: 1.000000 (18754 1845.000000)
x_122_129: 1.000000 (18917 151.000000)
x_123_122: 1.000000 (19064 1845.000000)
x_124_125: 1.000000 (19221 151.000000)
x_125_126: 1.000000 (19376 128.000000)
x_126_152: 1.000000 (19556 96.000000)
x_127_128: 1.000000 (19686 150.000000)
x_128_123: 1.000000 (19835 357.000000)
x_129_130: 1.000000 (19996 128.000000)
x_130_149: 1.000000 (20169 96.000000)
x_131_132: 1.000000 (20306 150.000000)
x_132_121: 1.000000 (20449 357.000000)
x_133_134: 1.000000 (20616 128.000000)
x_134_146: 1.000000 (20782 96.000000)
x_135_136: 1.000000 (20926 150.000000)
x_136_119: 1.000000 (21063 357.000000)
x_137_138: 1.000000 (21236 128.000000)
x_138_143: 1.000000 (21395 96.000000)
x_139_140: 1.000000 (21546 150.000000)
x_140_117: 1.000000 (21677 357.000000)
x_141_139: 1.000000 (21853 250.000000)
x_142_141: 1.000000 (22009 150.000000)
x_143_142: 1.000000 (22164 81.000000)
x_144_135: 1.000000 (22311 250.000000)
x_145_144: 1.000000 (22474 150.000000)
x_146_145: 1.000000 (22629 81.000000)
x_147_131: 1.000000 (22769 250.000000)
x_148_147: 1.000000 (22939 150.000000)
x_149_148: 1.000000 (23094 81.000000)
x_150_151: 1.000000 (23251 150.000000)
x_151_127: 1.000000 (23381 250.000000)
x_152_150: 1.000000 (23558 81.000000)
y_0_2: 1.000000 (23718 10133.281255)
y_0_7: 1.000000 (23723 13482.410356)
y_0_10: 1.000000 (23726 13953.594125)
y_0_12: 1.000000 (23728 10590.769047)
y_0_13: 1.000000 (23729 9439.086026)
y_0_14: 1.000000 (23730 9035.817008)
y_0_20: 1.000000 (23736 13125.634956)
y_0_21: 1.000000 (23737 13287.540668)
y_0_26: 1.000000 (23742 9793.094148)
y_0_28: 1.000000 (23744 8501.108692)
y_0_46: 1.000000 (23762 3103.684423)
y_0_52: 1.000000 (23768 3321.768354)
y_0_70: 1.000000 (23786 3638.061159)
y_0_78: 1.000000 (23794 5895.624564)
y_0_98: 1.000000 (23814 5789.001382)
y_1_5: 1.000000 (23875 10509.851997)
y_1_6: 1.000000 (23876 11669.626772)
y_1_8: 1.000000 (23878 15197.321771)
y_1_11: 1.000000 (23881 11965.648541)
y_1_17: 1.000000 (23887 15428.197853)
y_1_18: 1.000000 (23888 14962.675195)
y_1_19: 1.000000 (23889 13565.253002)
y_1_23: 1.000000 (23893 11048.314306)
y_1_40: 1.000000 (23910 14374.466564)
y_1_71: 1.000000 (23941 3675.634503)
y_1_79: 1.000000 (23949 4820.123339)
y_1_97: 1.000000 (23967 5845.245333)
y_2_1: 1.000000 (24025 11130.147753)
y_2_4: 1.000000 (24028 9665.494762)
y_2_9: 1.000000 (24033 15788.513071)
y_2_22: 1.000000 (24046 11512.640401)
y_2_24: 1.000000 (24048 10098.895435)
y_2_25: 1.000000 (24049 9924.108877)
y_2_27: 1.000000 (24051 8892.271307)
y_2_38: 1.000000 (24062 8250.362962)
y_2_39: 1.000000 (24063 10551.629685)
y_2_45: 1.000000 (24069 3024.176747)
y_2_53: 1.000000 (24077 3508.537160)
y_2_72: 1.000000 (24096 3691.657216)
y_2_82: 1.000000 (24106 8261.669868)
y_2_88: 1.000000 (24112 7651.103777)
y_2_90: 1.000000 (24114 5293.485525)
y_2_99: 1.000000 (24123 5838.175143)