Solution: 59772.000000
x_0_30: 1.000000 (30 4257.500000)
x_2_3: 1.000000 (311 1400.000000)
x_3_4: 1.000000 (466 1150.000000)
x_4_38: 1.000000 (654 750.000000)
x_10_41: 1.000000 (1581 6055.000000)
x_11_20: 1.000000 (1714 1379.000000)
x_16_2: 1.000000 (2466 850.000000)
x_19_10: 1.000000 (2936 300.000000)
x_20_21: 1.000000 (3101 110.000000)
x_21_19: 1.000000 (3253 212.000000)
x_22_11: 1.000000 (3399 307.000000)
x_23_22: 1.000000 (3564 330.000000)
x_24_39: 1.000000 (3735 850.000000)
x_25_24: 1.000000 (3874 212.000000)
x_26_25: 1.000000 (4029 110.000000)
x_27_26: 1.000000 (4184 1132.000000)
x_28_27: 1.000000 (4339 330.000000)
x_30_31: 1.000000 (4651 110.000000)
x_31_32: 1.000000 (4806 1132.000000)
x_32_33: 1.000000 (4961 330.000000)
x_33_37: 1.000000 (5119 370.000000)
x_34_16: 1.000000 (5252 300.000000)
x_37_34: 1.000000 (5732 850.000000)
x_38_28: 1.000000 (5880 370.000000)
x_39_23: 1.000000 (6029 370.000000)
x_41_60: 1.000000 (6374 357.000000)
x_42_82: 1.000000 (6550 2194.000000)
x_48_49: 1.000000 (7441 151.000000)
x_49_50: 1.000000 (7596 128.000000)
x_50_76: 1.000000 (7776 96.000000)
x_58_42: 1.000000 (8974 151.000000)
x_59_58: 1.000000 (9144 128.000000)
x_60_61: 1.000000 (9301 150.000000)
x_61_62: 1.000000 (9456 250.000000)
x_62_63: 1.000000 (9611 150.000000)
x_63_64: 1.000000 (9766 81.000000)
x_64_59: 1.000000 (9915 96.000000)
x_69_153: 1.000000 (10779 1808.500000)
x_74_77: 1.000000 (11473 600.000000)
x_76_74: 1.000000 (11778 81.000000)
x_77_78: 1.000000 (11936 1150.000000)
x_78_116: 1.000000 (12128 750.000000)
x_80_69: 1.000000 (12389 1400.000000)
x_82_112: 1.000000 (12740 750.000000)
x_96_97: 1.000000 (14881 1132.000000)
x_97_99: 1.000000 (15037 286.000000)
x_99_80: 1.000000 (15326 1150.000000)
x_104_105: 1.000000 (16121 1132.000000)
x_105_106: 1.000000 (16276 110.000000)
x_106_107: 1.000000 (16431 212.000000)
x_107_117: 1.000000 (16595 5805.000000)
x_111_104: 1.000000 (17198 330.000000)
x_112_111: 1.000000 (17359 370.000000)
x_115_96: 1.000000 (17806 330.000000)
x_116_115: 1.000000 (17979 370.000000)
x_117_140: 1.000000 (18158 357.000000)
x_118_119: 1.000000 (18291 1845.000000)
x_119_136: 1.000000 (18462 357.000000)
x_120_121: 1.000000 (18601 1845.000000)
x_121_132: 1.000000 (18766 357.000000)
x_122_123: 1.000000 (18911 1845.000000)
x_123_128: 1.000000 (19070 357.000000)
x_124_48: 1.000000 (19144 7150.000000)
x_125_124: 1.000000 (19374 151.000000)
x_126_125: 1.000000 (19529 128.000000)
x_127_151: 1.000000 (19709 250.000000)
x_128_127: 1.000000 (19839 150.000000)
x_129_122: 1.000000 (19988 151.000000)
x_130_129: 1.000000 (20149 128.000000)
x_131_147: 1.000000 (20321 250.000000)
x_132_131: 1.000000 (20459 150.000000)
x_133_120: 1.000000 (20602 151.000000)
x_134_133: 1.000000 (20769 128.000000)
x_135_144: 1.000000 (20934 250.000000)
x_136_135: 1.000000 (21079 150.000000)
x_137_118: 1.000000 (21216 151.000000)
x_138_137: 1.000000 (21389 128.000000)
x_139_141: 1.000000 (21547 250.000000)
x_140_139: 1.000000 (21699 150.000000)
x_141_142: 1.000000 (21856 150.000000)
x_142_143: 1.000000 (22011 81.000000)
x_143_138: 1.000000 (22160 96.000000)
x_144_145: 1.000000 (22321 150.000000)
x_145_146: 1.000000 (22476 81.000000)
x_146_134: 1.000000 (22618 96.000000)
x_147_148: 1.000000 (22786 150.000000)
x_148_149: 1.000000 (22941 81.000000)
x_149_130: 1.000000 (23076 96.000000)
x_150_152: 1.000000 (23252 81.000000)
x_151_150: 1.000000 (23404 150.000000)
x_152_126: 1.000000 (23534 96.000000)
y_0_13: 1.000000 (23729 9439.086026)
y_0_14: 1.000000 (23730 9035.817008)
y_0_15: 1.000000 (23731 9329.305708)
y_0_18: 1.000000 (23734 14962.675195)
y_0_43: 1.000000 (23759 6387.992251)
y_0_51: 1.000000 (23767 5903.176179)
y_0_70: 1.000000 (23786 3638.061159)
y_0_81: 1.000000 (23797 6521.655388)
y_0_83: 1.000000 (23799 10670.069775)
y_0_86: 1.000000 (23802 11877.617143)
y_0_89: 1.000000 (23805 5946.170616)
y_0_91: 1.000000 (23807 5770.315849)
y_0_93: 1.000000 (23809 7863.160497)
y_0_95: 1.000000 (23811 7489.718887)
y_0_98: 1.000000 (23814 5789.001382)
y_0_114: 1.000000 (23830 6450.851804)
y_1_7: 1.000000 (23877 13482.410356)
y_1_8: 1.000000 (23878 15197.321771)
y_1_9: 1.000000 (23879 15788.513071)
y_1_17: 1.000000 (23887 15428.197853)
y_1_35: 1.000000 (23905 9960.396227)
y_1_47: 1.000000 (23917 5431.836246)
y_1_55: 1.000000 (23925 5370.600060)
y_1_66: 1.000000 (23936 6008.651180)
y_1_67: 1.000000 (23937 5772.234316)
y_1_88: 1.000000 (23958 7651.103777)
y_1_90: 1.000000 (23960 5293.485525)
y_1_94: 1.000000 (23964 7712.440405)
y_1_100: 1.000000 (23970 6416.968833)
y_1_103: 1.000000 (23973 8005.790967)
y_2_5: 1.000000 (24029 10509.851997)
y_2_6: 1.000000 (24030 11669.626772)
y_2_12: 1.000000 (24036 10590.769047)
y_2_36: 1.000000 (24060 9919.996825)
y_2_40: 1.000000 (24064 14374.466564)
y_2_44: 1.000000 (24068 5179.773837)
y_2_45: 1.000000 (24069 3024.176747)
y_2_53: 1.000000 (24077 3508.537160)
y_2_54: 1.000000 (24078 3437.424763)
y_2_56: 1.000000 (24080 5536.193006)
y_2_71: 1.000000 (24095 3675.634503)
y_2_72: 1.000000 (24096 3691.657216)
y_2_85: 1.000000 (24109 13983.481147)
y_2_101: 1.000000 (24125 7650.130260)
y_2_108: 1.000000 (24132 14146.882660)
y_2_113: 1.000000 (24137 6553.918599)
y_3_1: 1.000000 (24179 11130.147753)
y_3_29: 1.000000 (24207 8484.060879)
y_3_46: 1.000000 (24224 3103.684423)
y_3_52: 1.000000 (24230 3321.768354)
y_3_57: 1.000000 (24235 6387.823495)
y_3_65: 1.000000 (24243 6275.546908)
y_3_68: 1.000000 (24246 5648.604518)
y_3_73: 1.000000 (24251 6124.188844)
y_3_75: 1.000000 (24253 6510.536767)
y_3_79: 1.000000 (24257 4820.123339)
y_3_84: 1.000000 (24262 12768.460714)
y_3_87: 1.000000 (24265 9457.131965)
y_3_92: 1.000000 (24270 7037.228787)
y_3_102: 1.000000 (24280 7717.728746)
y_3_109: 1.000000 (24287 13948.714959)
y_3_110: 1.000000 (24288 13422.752661)