Solution: 56261.999874
x_0_30: 1.000000 (30 4257.500000)
x_2_16: 1.000000 (324 850.000000)
x_16_34: 1.000000 (2498 300.000000)
x_29_31: 1.000000 (4497 286.000000)
x_30_29: 1.000000 (4649 212.000000)
x_31_32: 1.000000 (4806 1132.000000)
x_32_33: 1.000000 (4961 330.000000)
x_33_37: 1.000000 (5119 370.000000)
x_34_36: 1.000000 (5272 212.000000)
x_35_48: 1.000000 (5438 6070.000000)
x_36_35: 1.000000 (5579 110.000000)
x_37_2: 1.000000 (5700 750.000000)
x_42_59: 1.000000 (6527 279.000000)
x_48_49: 1.000000 (7441 151.000000)
x_49_50: 1.000000 (7596 128.000000)
x_50_76: 1.000000 (7776 96.000000)
x_54_69: 1.000000 (8385 150.000000)
x_58_42: 1.000000 (8974 151.000000)
x_59_83: 1.000000 (9169 721.000000)
x_60_61: 1.000000 (9301 150.000000)
x_61_62: 1.000000 (9456 250.000000)
x_62_63: 1.000000 (9611 150.000000)
x_63_64: 1.000000 (9766 81.000000)
x_64_58: 1.000000 (9914 218.000000)
x_69_153: 1.000000 (10779 1808.500000)
x_74_77: 1.000000 (11473 600.000000)
x_76_74: 1.000000 (11778 81.000000)
x_77_92: 1.000000 (11950 800.000000)
x_78_91: 1.000000 (12103 803.000000)
x_80_54: 1.000000 (12374 1350.000000)
x_83_87: 1.000000 (12869 1093.000000)
x_86_60: 1.000000 (13304 1000.000000)
x_87_104: 1.000000 (13502 307.000000)
x_91_96: 1.000000 (14110 307.000000)
x_92_78: 1.000000 (14246 850.000000)
x_93_124: 1.000000 (14446 6070.000000)
x_94_93: 1.000000 (14569 110.000000)
x_95_94: 1.000000 (14724 212.000000)
x_96_115: 1.000000 (14899 330.000000)
x_100_113: 1.000000 (15513 330.000000)
x_101_100: 1.000000 (15654 1132.000000)
x_102_101: 1.000000 (15809 110.000000)
x_103_102: 1.000000 (15964 212.000000)
x_104_111: 1.000000 (16127 330.000000)
x_105_106: 1.000000 (16276 110.000000)
x_106_86: 1.000000 (16410 476.000000)
x_107_105: 1.000000 (16583 286.000000)
x_111_112: 1.000000 (17206 370.000000)
x_112_103: 1.000000 (17351 850.000000)
x_113_114: 1.000000 (17516 370.000000)
x_114_80: 1.000000 (17636 750.000000)
x_115_116: 1.000000 (17826 370.000000)
x_116_95: 1.000000 (17959 850.000000)
x_117_107: 1.000000 (18125 5805.000000)
x_118_137: 1.000000 (18309 151.000000)
x_119_118: 1.000000 (18444 1845.000000)
x_120_133: 1.000000 (18613 151.000000)
x_121_120: 1.000000 (18754 1845.000000)
x_122_129: 1.000000 (18917 151.000000)
x_123_122: 1.000000 (19064 1845.000000)
x_124_125: 1.000000 (19221 151.000000)
x_125_126: 1.000000 (19376 128.000000)
x_126_152: 1.000000 (19556 96.000000)
x_127_128: 1.000000 (19686 150.000000)
x_128_123: 1.000000 (19835 357.000000)
x_129_130: 1.000000 (19996 128.000000)
x_130_149: 1.000000 (20169 96.000000)
x_131_132: 1.000000 (20306 150.000000)
x_132_121: 1.000000 (20449 357.000000)
x_133_134: 1.000000 (20616 128.000000)
x_134_146: 1.000000 (20782 96.000000)
x_135_136: 1.000000 (20926 150.000000)
x_136_119: 1.000000 (21063 357.000000)
x_137_138: 1.000000 (21236 128.000000)
x_138_143: 1.000000 (21395 96.000000)
x_139_140: 1.000000 (21546 150.000000)
x_140_117: 1.000000 (21677 357.000000)
x_141_139: 1.000000 (21853 250.000000)
x_142_141: 1.000000 (22009 150.000000)
x_143_142: 1.000000 (22164 81.000000)
x_144_135: 1.000000 (22311 250.000000)
x_145_144: 1.000000 (22474 150.000000)
x_146_145: 1.000000 (22629 81.000000)
x_147_131: 1.000000 (22769 250.000000)
x_148_147: 1.000000 (22939 150.000000)
x_149_148: 1.000000 (23094 81.000000)
x_150_151: 1.000000 (23251 150.000000)
x_151_127: 1.000000 (23381 250.000000)
x_152_150: 1.000000 (23558 81.000000)
y_0_4: 1.000000 (23720 9665.494762)
y_0_6: 1.000000 (23722 11669.626772)
y_0_10: 1.000000 (23726 13953.594125)
y_0_13: 1.000000 (23729 9439.086026)
y_0_14: 1.000000 (23730 9035.817008)
y_0_25: 1.000000 (23741 9924.108877)
y_0_27: 1.000000 (23743 8892.271307)
y_0_40: 1.000000 (23756 14374.466564)
y_0_46: 1.000000 (23762 3103.684423)
y_0_52: 1.000000 (23768 3321.768354)
y_0_55: 1.000000 (23771 5370.600060)
y_0_57: 1.000000 (23773 6387.823495)
y_0_71: 1.000000 (23787 3675.634503)
y_0_90: 1.000000 (23806 5293.485525)
y_1_1: 1.000000 (23871 11130.147753)
y_1_5: 1.000000 (23875 10509.851997)
y_1_12: 1.000000 (23882 10590.769047)
y_1_19: 1.000000 (23889 13565.253002)
y_1_20: 1.000000 (23890 13125.634956)
y_1_38: 1.000000 (23908 8250.362962)
y_1_44: 1.000000 (23914 5179.773837)
y_1_47: 1.000000 (23917 5431.836246)
y_1_65: 1.000000 (23935 6275.546908)
y_1_66: 1.000000 (23936 6008.651180)
y_1_68: 1.000000 (23938 5648.604518)
y_1_70: 1.000000 (23940 3638.061159)
y_1_75: 1.000000 (23945 6510.536767)
y_1_82: 1.000000 (23952 8261.669868)
y_2_8: 1.000000 (24032 15197.321771)
y_2_9: 1.000000 (24033 15788.513071)
y_2_22: 1.000000 (24046 11512.640401)
y_2_23: 1.000000 (24047 11048.314306)
y_2_28: 1.000000 (24052 8501.108692)
y_2_51: 1.000000 (24075 5903.176179)
y_2_81: 1.000000 (24105 6521.655388)
y_2_85: 1.000000 (24109 13983.481147)
y_2_89: 1.000000 (24113 5946.170616)
y_2_97: 1.000000 (24121 5845.245333)
y_2_109: 1.000000 (24133 13948.714959)
y_3_17: 1.000000 (24195 15428.197853)
y_3_21: 1.000000 (24199 13287.540668)
y_3_26: 1.000000 (24204 9793.094148)
y_3_39: 1.000000 (24217 10551.629685)
y_3_41: 1.000000 (24219 11157.385222)
y_3_43: 1.000000 (24221 6387.992251)
y_3_56: 1.000000 (24234 5536.193006)
y_3_67: 1.000000 (24245 5772.234316)
y_3_73: 1.000000 (24251 6124.188844)
y_3_79: 1.000000 (24257 4820.123339)
y_3_98: 1.000000 (24276 5789.001382)
y_3_99: 1.000000 (24277 5838.175143)
y_3_110: 1.000000 (24288 13422.752661)
y_4_3: 1.000000 (24335 9547.700718)
y_4_7: 1.000000 (24339 13482.410356)
y_4_11: 1.000000 (24343 11965.648541)
y_4_15: 1.000000 (24347 9329.305708)
y_4_18: 1.000000 (24350 14962.675195)
y_4_24: 1.000000 (24356 10098.895435)
y_4_45: 1.000000 (24377 3024.176747)
y_4_53: 1.000000 (24385 3508.537160)
y_4_72: 1.000000 (24404 3691.657216)
y_4_84: 1.000000 (24416 12768.460714)
y_4_88: 1.000000 (24420 7651.103777)
y_4_108: 1.000000 (24440 14146.882660)