Solution: 1673.723459
x_0_224: 1.000000 (224 168.435000)
x_6_16: 1.000000 (1402 21.830000)
x_7_6: 1.000000 (1623 4.910000)
x_8_7: 1.000000 (1855 3.020000)
x_12_8: 1.000000 (2780 11.920000)
x_13_12: 1.000000 (3015 7.400000)
x_14_13: 1.000000 (3247 5.830000)
x_16_17: 1.000000 (3713 4.350000)
x_17_18: 1.000000 (3945 3.290000)
x_18_19: 1.000000 (4177 5.180000)
x_19_53: 1.000000 (4442 5.600000)
x_23_25: 1.000000 (5338 6.220000)
x_24_23: 1.000000 (5567 1.510000)
x_25_85: 1.000000 (5860 3.220000)
x_26_14: 1.000000 (6020 9.620000)
x_27_26: 1.000000 (6263 5.700000)
x_32_27: 1.000000 (7419 32.640000)
x_39_32: 1.000000 (9041 15.550000)
x_41_39: 1.000000 (9510 9.230000)
x_42_46: 1.000000 (9748 14.130000)
x_43_42: 1.000000 (9975 50.120000)
x_44_43: 1.000000 (10207 30.340000)
x_46_184: 1.000000 (10810 5.630000)
x_47_44: 1.000000 (10901 24.030000)
x_48_47: 1.000000 (11135 4.040000)
x_49_48: 1.000000 (11367 9.050000)
x_53_54: 1.000000 (12297 3.910000)
x_54_58: 1.000000 (12532 1.540000)
x_56_24: 1.000000 (12960 3.690000)
x_57_56: 1.000000 (13223 3.030000)
x_58_64: 1.000000 (13462 4.690000)
x_59_57: 1.000000 (13686 4.470000)
x_60_59: 1.000000 (13919 2.350000)
x_61_60: 1.000000 (14151 1.390000)
x_62_61: 1.000000 (14383 1.110000)
x_63_62: 1.000000 (14615 2.220000)
x_64_65: 1.000000 (14849 1.000000)
x_65_66: 1.000000 (15081 1.260000)
x_66_63: 1.000000 (15309 0.530000)
x_67_69: 1.000000 (15546 3.140000)
x_68_230: 1.000000 (15938 47.015000)
x_69_68: 1.000000 (16007 0.400000)
x_74_75: 1.000000 (17169 4.980000)
x_75_76: 1.000000 (17401 3.870000)
x_76_77: 1.000000 (17633 1.930000)
x_77_88: 1.000000 (17875 6.260000)
x_78_67: 1.000000 (18085 7.170000)
x_79_78: 1.000000 (18327 5.980000)
x_80_79: 1.000000 (18559 1.220000)
x_85_86: 1.000000 (19721 3.660000)
x_86_92: 1.000000 (19958 8.880000)
x_88_80: 1.000000 (20408 0.790000)
x_92_93: 1.000000 (21345 4.740000)
x_93_94: 1.000000 (21577 6.060000)
x_94_100: 1.000000 (21814 2.900000)
x_96_98: 1.000000 (22274 2.120000)
x_97_104: 1.000000 (22511 5.000000)
x_98_97: 1.000000 (22735 1.230000)
x_99_96: 1.000000 (22965 5.000000)
x_100_99: 1.000000 (23199 4.300000)
x_101_102: 1.000000 (23433 2.500000)
x_102_103: 1.000000 (23665 1.890000)
x_103_74: 1.000000 (23867 9.830000)
x_104_105: 1.000000 (24129 2.680000)
x_105_108: 1.000000 (24363 5.200000)
x_106_101: 1.000000 (24587 5.750000)
x_108_109: 1.000000 (25057 3.870000)
x_109_110: 1.000000 (25289 2.230000)
x_110_124: 1.000000 (25534 2.190000)
x_111_114: 1.000000 (25755 4.740000)
x_112_106: 1.000000 (25978 3.800000)
x_114_117: 1.000000 (26451 5.200000)
x_115_112: 1.000000 (26677 4.570000)
x_116_120: 1.000000 (26916 6.060000)
x_117_116: 1.000000 (27143 5.080000)
x_118_115: 1.000000 (27373 5.970000)
x_119_118: 1.000000 (27607 4.870000)
x_120_121: 1.000000 (27841 4.320000)
x_121_122: 1.000000 (28073 1.270000)
x_122_119: 1.000000 (28301 3.750000)
x_124_125: 1.000000 (28769 4.350000)
x_125_166: 1.000000 (29041 3.820000)
x_126_111: 1.000000 (29217 3.140000)
x_127_126: 1.000000 (29463 2.480000)
x_128_130: 1.000000 (29698 6.070000)
x_129_128: 1.000000 (29927 5.580000)
x_130_131: 1.000000 (30161 4.540000)
x_131_171: 1.000000 (30432 5.850000)
x_133_135: 1.000000 (30858 7.600000)
x_134_136: 1.000000 (31090 6.790000)
x_135_134: 1.000000 (31319 1.010000)
x_136_137: 1.000000 (31553 2.730000)
x_137_138: 1.000000 (31785 6.360000)
x_138_129: 1.000000 (32007 7.230000)
x_141_143: 1.000000 (32714 5.040000)
x_143_144: 1.000000 (33177 6.220000)
x_144_145: 1.000000 (33409 5.580000)
x_145_146: 1.000000 (33641 1.320000)
x_146_147: 1.000000 (33873 3.800000)
x_147_148: 1.000000 (34105 2.560000)
x_148_149: 1.000000 (34337 3.920000)
x_149_150: 1.000000 (34569 9.930000)
x_150_204: 1.000000 (34854 9.330000)
x_151_154: 1.000000 (35035 5.640000)
x_152_141: 1.000000 (35253 6.850000)
x_154_152: 1.000000 (35726 8.520000)
x_155_151: 1.000000 (35956 6.760000)
x_156_159: 1.000000 (36195 6.600000)
x_157_156: 1.000000 (36423 8.330000)
x_158_157: 1.000000 (36655 6.300000)
x_159_160: 1.000000 (36889 4.960000)
x_160_161: 1.000000 (37121 1.440000)
x_161_162: 1.000000 (37353 5.270000)
x_162_164: 1.000000 (37586 8.860000)
x_163_172: 1.000000 (37825 1.820000)
x_164_165: 1.000000 (38049 3.780000)
x_165_199: 1.000000 (38314 7.200000)
x_166_127: 1.000000 (38473 7.610000)
x_167_168: 1.000000 (38745 6.990000)
x_168_177: 1.000000 (38985 5.200000)
x_169_167: 1.000000 (39206 6.270000)
x_170_169: 1.000000 (39439 3.300000)
x_171_170: 1.000000 (39671 8.280000)
x_172_133: 1.000000 (39865 9.690000)
x_173_163: 1.000000 (40126 8.970000)
x_175_176: 1.000000 (40601 3.700000)
x_176_173: 1.000000 (40829 7.190000)
x_177_179: 1.000000 (41066 4.160000)
x_178_175: 1.000000 (41293 5.750000)
x_179_181: 1.000000 (41530 5.950000)
x_180_41: 1.000000 (41621 16.770000)
x_181_180: 1.000000 (41991 1.340000)
x_182_178: 1.000000 (42220 3.630000)
x_183_185: 1.000000 (42458 4.650000)
x_184_183: 1.000000 (42687 7.110000)
x_185_186: 1.000000 (42921 2.810000)
x_186_182: 1.000000 (43148 6.430000)
x_187_196: 1.000000 (43393 4.060000)
x_188_49: 1.000000 (43477 4.760000)
x_189_188: 1.000000 (43847 4.740000)
x_190_189: 1.000000 (44079 1.740000)
x_191_190: 1.000000 (44311 3.800000)
x_192_193: 1.000000 (44545 1.400000)
x_193_191: 1.000000 (44774 3.990000)
x_194_192: 1.000000 (45006 1.200000)
x_195_194: 1.000000 (45239 0.750000)
x_196_195: 1.000000 (45471 3.190000)
x_197_187: 1.000000 (45694 3.100000)
x_198_197: 1.000000 (45935 1.900000)
x_199_198: 1.000000 (46167 8.160000)
x_200_201: 1.000000 (46401 19.650000)
x_201_158: 1.000000 (46589 11.050000)
x_202_221: 1.000000 (46883 12.590000)
x_203_202: 1.000000 (47095 10.200000)
x_204_212: 1.000000 (47336 14.170000)
x_205_155: 1.000000 (47510 30.230000)
x_206_207: 1.000000 (47793 9.170000)
x_207_208: 1.000000 (48025 7.650000)
x_208_213: 1.000000 (48261 26.100000)
x_209_211: 1.000000 (48490 19.010000)
x_210_209: 1.000000 (48719 8.130000)
x_211_203: 1.000000 (48944 10.480000)
x_212_206: 1.000000 (49178 15.950000)
x_213_214: 1.000000 (49417 4.280000)
x_214_215: 1.000000 (49649 4.230000)
x_215_216: 1.000000 (49881 4.670000)
x_216_219: 1.000000 (50115 22.230000)
x_217_227: 1.000000 (50354 29.540000)
x_218_217: 1.000000 (50575 11.620000)
x_219_220: 1.000000 (50809 16.060000)
x_220_210: 1.000000 (51030 18.370000)
x_221_222: 1.000000 (51273 15.920000)
x_222_223: 1.000000 (51505 12.990000)
x_223_200: 1.000000 (51713 22.690000)
x_224_225: 1.000000 (51969 19.990000)
x_225_218: 1.000000 (52193 28.900000)
x_226_228: 1.000000 (52434 24.530000)
x_227_226: 1.000000 (52663 18.210000)
x_228_229: 1.000000 (52897 22.870000)
x_229_205: 1.000000 (53104 229.210000)
y_0_2: 1.000000 (53363 130.509770)
y_0_4: 1.000000 (53365 105.288771)
y_0_5: 1.000000 (53366 100.135866)
y_0_9: 1.000000 (53370 87.672227)
y_0_15: 1.000000 (53376 127.416075)
y_0_20: 1.000000 (53381 103.519873)
y_0_22: 1.000000 (53383 115.590538)
y_0_28: 1.000000 (53389 166.353180)
y_0_29: 1.000000 (53390 207.572201)
y_0_30: 1.000000 (53391 167.333096)
y_0_33: 1.000000 (53394 161.685272)
y_0_34: 1.000000 (53395 162.555420)
y_0_35: 1.000000 (53396 147.428597)
y_0_36: 1.000000 (53397 141.046245)
y_0_37: 1.000000 (53398 143.949954)
y_0_50: 1.000000 (53411 267.401478)
y_0_55: 1.000000 (53416 89.874782)
y_0_72: 1.000000 (53433 87.118543)
y_0_82: 1.000000 (53443 97.447521)
y_0_90: 1.000000 (53451 107.387530)
y_0_91: 1.000000 (53452 116.868715)
y_0_107: 1.000000 (53468 150.748661)
y_0_113: 1.000000 (53474 156.090199)
y_0_132: 1.000000 (53493 201.916613)
y_0_140: 1.000000 (53501 200.473526)
y_1_1: 1.000000 (53593 129.780319)
y_1_3: 1.000000 (53595 111.235720)
y_1_10: 1.000000 (53602 95.966065)
y_1_11: 1.000000 (53603 89.886133)
y_1_21: 1.000000 (53613 112.455666)
y_1_31: 1.000000 (53623 183.554707)
y_1_38: 1.000000 (53630 182.867775)
y_1_40: 1.000000 (53632 221.746299)
y_1_45: 1.000000 (53637 312.614313)
y_1_51: 1.000000 (53643 79.516014)
y_1_52: 1.000000 (53644 73.457844)
y_1_70: 1.000000 (53662 85.379626)
y_1_71: 1.000000 (53663 82.179794)
y_1_73: 1.000000 (53665 95.159353)
y_1_81: 1.000000 (53673 95.471171)
y_1_83: 1.000000 (53675 96.268475)
y_1_84: 1.000000 (53676 103.488402)
y_1_87: 1.000000 (53679 101.340971)
y_1_89: 1.000000 (53681 107.782147)
y_1_95: 1.000000 (53687 142.387906)
y_1_123: 1.000000 (53715 156.247258)
y_1_139: 1.000000 (53731 197.709801)
y_1_142: 1.000000 (53734 194.412935)
y_1_153: 1.000000 (53745 226.438589)
y_1_174: 1.000000 (53766 228.235636)