Solution: 1467.761674
x_0_224: 1.000000 (224 168.435000)
x_6_16: 1.000000 (1402 21.830000)
x_7_6: 1.000000 (1623 4.910000)
x_8_7: 1.000000 (1855 3.020000)
x_10_8: 1.000000 (2318 6.250000)
x_11_10: 1.000000 (2551 4.110000)
x_14_27: 1.000000 (3261 12.340000)
x_16_14: 1.000000 (3710 14.030000)
x_19_11: 1.000000 (4400 4.800000)
x_24_56: 1.000000 (5600 3.690000)
x_27_32: 1.000000 (6269 32.640000)
x_32_39: 1.000000 (7431 15.550000)
x_39_41: 1.000000 (9050 9.230000)
x_41_179: 1.000000 (9650 15.480000)
x_42_43: 1.000000 (9745 50.120000)
x_43_44: 1.000000 (9977 30.340000)
x_44_47: 1.000000 (10211 24.030000)
x_46_42: 1.000000 (10668 14.130000)
x_47_48: 1.000000 (10905 4.040000)
x_48_188: 1.000000 (11276 11.390000)
x_55_19: 1.000000 (12724 8.610000)
x_56_55: 1.000000 (12991 4.250000)
x_59_83: 1.000000 (13712 6.060000)
x_60_59: 1.000000 (13919 2.350000)
x_61_60: 1.000000 (14151 1.390000)
x_62_61: 1.000000 (14383 1.110000)
x_63_65: 1.000000 (14618 1.570000)
x_64_62: 1.000000 (14846 1.330000)
x_65_64: 1.000000 (15079 1.000000)
x_66_63: 1.000000 (15309 0.530000)
x_70_71: 1.000000 (16241 2.300000)
x_71_230: 1.000000 (16631 43.645000)
x_75_76: 1.000000 (17401 3.870000)
x_76_78: 1.000000 (17634 5.680000)
x_78_70: 1.000000 (18088 11.460000)
x_80_88: 1.000000 (18568 0.790000)
x_82_87: 1.000000 (19029 3.850000)
x_83_82: 1.000000 (19255 2.120000)
x_84_24: 1.000000 (19428 3.940000)
x_87_80: 1.000000 (20177 4.320000)
x_88_84: 1.000000 (20412 9.830000)
x_91_75: 1.000000 (21096 6.860000)
x_96_99: 1.000000 (22275 5.000000)
x_98_96: 1.000000 (22734 2.120000)
x_99_100: 1.000000 (22969 4.300000)
x_100_91: 1.000000 (23191 10.000000)
x_106_98: 1.000000 (24584 5.110000)
x_111_114: 1.000000 (25755 4.740000)
x_112_106: 1.000000 (25978 3.800000)
x_113_112: 1.000000 (26215 8.620000)
x_114_113: 1.000000 (26447 7.230000)
x_126_111: 1.000000 (29217 3.140000)
x_127_126: 1.000000 (29463 2.480000)
x_128_127: 1.000000 (29695 4.750000)
x_130_128: 1.000000 (30158 6.070000)
x_131_130: 1.000000 (30391 4.540000)
x_132_131: 1.000000 (30623 2.220000)
x_138_132: 1.000000 (32010 6.180000)
x_139_138: 1.000000 (32247 8.310000)
x_140_139: 1.000000 (32479 3.370000)
x_141_140: 1.000000 (32711 4.020000)
x_144_141: 1.000000 (33405 4.660000)
x_145_144: 1.000000 (33639 5.580000)
x_146_145: 1.000000 (33871 1.320000)
x_147_146: 1.000000 (34103 3.800000)
x_148_147: 1.000000 (34335 2.560000)
x_149_148: 1.000000 (34567 3.920000)
x_150_149: 1.000000 (34799 9.930000)
x_156_157: 1.000000 (36193 8.330000)
x_157_158: 1.000000 (36425 6.300000)
x_158_204: 1.000000 (36702 8.830000)
x_159_156: 1.000000 (36885 6.600000)
x_160_159: 1.000000 (37119 4.960000)
x_161_160: 1.000000 (37351 1.440000)
x_162_161: 1.000000 (37583 5.270000)
x_164_162: 1.000000 (38046 8.860000)
x_173_164: 1.000000 (40127 4.680000)
x_174_175: 1.000000 (40369 5.970000)
x_175_176: 1.000000 (40601 3.700000)
x_176_178: 1.000000 (40834 6.010000)
x_177_174: 1.000000 (41061 4.900000)
x_178_182: 1.000000 (41300 3.630000)
x_179_177: 1.000000 (41526 4.160000)
x_182_185: 1.000000 (42227 4.580000)
x_184_46: 1.000000 (42550 5.630000)
x_185_186: 1.000000 (42921 2.810000)
x_186_184: 1.000000 (43150 8.290000)
x_187_197: 1.000000 (43394 3.100000)
x_188_189: 1.000000 (43617 4.740000)
x_189_190: 1.000000 (43849 1.740000)
x_190_191: 1.000000 (44081 3.800000)
x_191_192: 1.000000 (44313 3.230000)
x_192_193: 1.000000 (44545 1.400000)
x_193_194: 1.000000 (44777 2.280000)
x_194_195: 1.000000 (45009 0.750000)
x_195_196: 1.000000 (45241 3.190000)
x_196_187: 1.000000 (45463 4.060000)
x_197_198: 1.000000 (45705 1.900000)
x_198_199: 1.000000 (45937 8.160000)
x_199_173: 1.000000 (46142 8.300000)
x_200_223: 1.000000 (46423 22.690000)
x_201_200: 1.000000 (46631 19.650000)
x_202_201: 1.000000 (46863 13.500000)
x_203_221: 1.000000 (47114 12.510000)
x_204_212: 1.000000 (47336 14.170000)
x_205_150: 1.000000 (47505 29.310000)
x_206_205: 1.000000 (47791 25.840000)
x_207_208: 1.000000 (48025 7.650000)
x_208_206: 1.000000 (48254 16.820000)
x_209_207: 1.000000 (48486 10.520000)
x_210_209: 1.000000 (48719 8.130000)
x_211_203: 1.000000 (48944 10.480000)
x_212_211: 1.000000 (49183 17.210000)
x_213_214: 1.000000 (49417 4.280000)
x_214_215: 1.000000 (49649 4.230000)
x_215_216: 1.000000 (49881 4.670000)
x_216_219: 1.000000 (50115 22.230000)
x_217_227: 1.000000 (50354 29.540000)
x_218_217: 1.000000 (50575 11.620000)
x_219_220: 1.000000 (50809 16.060000)
x_220_210: 1.000000 (51030 18.370000)
x_221_202: 1.000000 (51253 12.590000)
x_222_213: 1.000000 (51495 48.950000)
x_223_222: 1.000000 (51735 12.990000)
x_224_225: 1.000000 (51969 19.990000)
x_225_218: 1.000000 (52193 28.900000)
x_226_228: 1.000000 (52434 24.530000)
x_227_226: 1.000000 (52663 18.210000)
x_228_229: 1.000000 (52897 22.870000)
x_229_66: 1.000000 (52965 202.890000)
y_0_3: 1.000000 (53364 111.235720)
y_0_25: 1.000000 (53386 111.439941)
y_0_29: 1.000000 (53390 207.572201)
y_0_52: 1.000000 (53413 73.457844)
y_0_53: 1.000000 (53414 83.105004)
y_0_58: 1.000000 (53419 83.988026)
y_0_68: 1.000000 (53429 77.456301)
y_0_79: 1.000000 (53440 98.380287)
y_0_90: 1.000000 (53451 107.387530)
y_0_104: 1.000000 (53465 157.252530)
y_0_115: 1.000000 (53476 142.508973)
y_0_119: 1.000000 (53480 151.577422)
y_0_121: 1.000000 (53482 153.713715)
y_0_142: 1.000000 (53503 194.412935)
y_0_143: 1.000000 (53504 198.845107)
y_0_151: 1.000000 (53512 227.566762)
y_0_153: 1.000000 (53514 226.438589)
y_0_165: 1.000000 (53526 240.918628)
y_0_181: 1.000000 (53542 235.970281)
y_0_183: 1.000000 (53544 250.524543)
y_1_2: 1.000000 (53594 130.509770)
y_1_4: 1.000000 (53596 105.288771)
y_1_9: 1.000000 (53601 87.672227)
y_1_15: 1.000000 (53607 127.416075)
y_1_17: 1.000000 (53609 103.001123)
y_1_21: 1.000000 (53613 112.455666)
y_1_36: 1.000000 (53628 141.046245)
y_1_50: 1.000000 (53642 267.401478)
y_1_51: 1.000000 (53643 79.516014)
y_1_69: 1.000000 (53661 78.159594)
y_1_73: 1.000000 (53665 95.159353)
y_1_81: 1.000000 (53673 95.471171)
y_1_89: 1.000000 (53681 107.782147)
y_1_93: 1.000000 (53685 129.102713)
y_1_123: 1.000000 (53715 156.247258)
y_1_129: 1.000000 (53721 189.296626)
y_1_136: 1.000000 (53728 209.688429)
y_1_152: 1.000000 (53744 218.284432)
y_1_154: 1.000000 (53746 232.322235)
y_1_155: 1.000000 (53747 237.767565)
y_1_169: 1.000000 (53761 208.280850)
y_2_5: 1.000000 (53828 100.135866)
y_2_12: 1.000000 (53835 112.825499)
y_2_20: 1.000000 (53843 103.519873)
y_2_23: 1.000000 (53846 104.271256)
y_2_30: 1.000000 (53853 167.333096)
y_2_31: 1.000000 (53854 183.554707)
y_2_33: 1.000000 (53856 161.685272)
y_2_38: 1.000000 (53861 182.867775)
y_2_40: 1.000000 (53863 221.746299)
y_2_57: 1.000000 (53880 92.715365)
y_2_72: 1.000000 (53895 87.118543)
y_2_74: 1.000000 (53897 115.887482)
y_2_92: 1.000000 (53915 125.422448)
y_2_94: 1.000000 (53917 133.290969)
y_2_97: 1.000000 (53920 150.380562)
y_2_101: 1.000000 (53924 137.487577)
y_2_102: 1.000000 (53925 135.969312)
y_2_103: 1.000000 (53926 133.363393)
y_2_105: 1.000000 (53928 154.716551)
y_2_107: 1.000000 (53930 150.748661)
y_2_120: 1.000000 (53943 157.228625)
y_2_133: 1.000000 (53956 208.699166)
y_3_1: 1.000000 (54055 129.780319)
y_3_13: 1.000000 (54067 122.776852)
y_3_18: 1.000000 (54072 98.342168)
y_3_26: 1.000000 (54080 142.972275)
y_3_37: 1.000000 (54091 143.949954)
y_3_45: 1.000000 (54099 312.614313)
y_3_49: 1.000000 (54103 290.151675)
y_3_85: 1.000000 (54139 108.175125)
y_3_86: 1.000000 (54140 109.993938)
y_3_95: 1.000000 (54149 142.387906)
y_3_116: 1.000000 (54170 153.828186)
y_3_122: 1.000000 (54176 153.077933)
y_3_125: 1.000000 (54179 178.343760)
y_3_135: 1.000000 (54189 213.295469)
y_3_137: 1.000000 (54191 205.972526)
y_3_166: 1.000000 (54220 182.461823)
y_3_168: 1.000000 (54222 218.514147)
y_3_172: 1.000000 (54226 224.315246)
y_4_22: 1.000000 (54307 115.590538)
y_4_28: 1.000000 (54313 166.353180)
y_4_34: 1.000000 (54319 162.555420)
y_4_35: 1.000000 (54320 147.428597)
y_4_54: 1.000000 (54339 85.908750)
y_4_67: 1.000000 (54352 79.579284)
y_4_77: 1.000000 (54362 101.669668)
y_4_108: 1.000000 (54393 159.919350)
y_4_109: 1.000000 (54394 165.047252)
y_4_110: 1.000000 (54395 169.184815)
y_4_117: 1.000000 (54402 163.611059)
y_4_118: 1.000000 (54403 147.224361)
y_4_124: 1.000000 (54409 170.131581)
y_4_134: 1.000000 (54419 211.776256)
y_4_163: 1.000000 (54448 225.996323)
y_4_167: 1.000000 (54452 209.356730)
y_4_170: 1.000000 (54455 212.469321)
y_4_171: 1.000000 (54456 203.393228)
y_4_180: 1.000000 (54465 237.444525)
